Analysis & Synthesis report for decode_unit
Wed May 10 20:27:51 2023
Quartus Prime Version 18.1.0 Build 625 09/12/2018 SJ Standard Edition


---------------------
; Table of Contents ;
---------------------
  1. Legal Notice
  2. Analysis & Synthesis Summary
  3. Analysis & Synthesis Settings
  4. Parallel Compilation
  5. Analysis & Synthesis Source Files Read
  6. Analysis & Synthesis Resource Usage Summary
  7. Analysis & Synthesis Resource Utilization by Entity
  8. General Register Statistics
  9. Multiplexer Restructuring Statistics (Restructuring Performed)
 10. Post-Synthesis Netlist Statistics for Top Partition
 11. Elapsed Time Per Partition
 12. Analysis & Synthesis Messages



----------------
; Legal Notice ;
----------------
Copyright (C) 2018  Intel Corporation. All rights reserved.
Your use of Intel Corporation's design tools, logic functions 
and other software and tools, and its AMPP partner logic 
functions, and any output files from any of the foregoing 
(including device programming or simulation files), and any 
associated documentation or information are expressly subject 
to the terms and conditions of the Intel Program License 
Subscription Agreement, the Intel Quartus Prime License Agreement,
the Intel FPGA IP License Agreement, or other applicable license
agreement, including, without limitation, that your use is for
the sole purpose of programming logic devices manufactured by
Intel and sold by Intel or its authorized distributors.  Please
refer to the applicable agreement for further details.



+-----------------------------------------------------------------------------------+
; Analysis & Synthesis Summary                                                      ;
+---------------------------------+-------------------------------------------------+
; Analysis & Synthesis Status     ; Successful - Wed May 10 20:27:51 2023           ;
; Quartus Prime Version           ; 18.1.0 Build 625 09/12/2018 SJ Standard Edition ;
; Revision Name                   ; decode_unit                                     ;
; Top-level Entity Name           ; decode_unit                                     ;
; Family                          ; Cyclone V                                       ;
; Logic utilization (in ALMs)     ; N/A                                             ;
; Total registers                 ; 1187                                            ;
; Total pins                      ; 361                                             ;
; Total virtual pins              ; 0                                               ;
; Total block memory bits         ; 0                                               ;
; Total DSP Blocks                ; 0                                               ;
; Total HSSI RX PCSs              ; 0                                               ;
; Total HSSI PMA RX Deserializers ; 0                                               ;
; Total HSSI TX PCSs              ; 0                                               ;
; Total HSSI PMA TX Serializers   ; 0                                               ;
; Total PLLs                      ; 0                                               ;
; Total DLLs                      ; 0                                               ;
+---------------------------------+-------------------------------------------------+


+---------------------------------------------------------------------------------------------------------------------------+
; Analysis & Synthesis Settings                                                                                             ;
+---------------------------------------------------------------------------------+--------------------+--------------------+
; Option                                                                          ; Setting            ; Default Value      ;
+---------------------------------------------------------------------------------+--------------------+--------------------+
; Device                                                                          ; 5CSEMA5F31C6       ;                    ;
; Top-level entity name                                                           ; decode_unit        ; decode_unit        ;
; Family name                                                                     ; Cyclone V          ; Cyclone V          ;
; Timing-Driven Synthesis                                                         ; Off                ; On                 ;
; Use smart compilation                                                           ; Off                ; Off                ;
; Enable parallel Assembler and Timing Analyzer during compilation                ; On                 ; On                 ;
; Enable compact report table                                                     ; Off                ; Off                ;
; Restructure Multiplexers                                                        ; Auto               ; Auto               ;
; MLAB Add Timing Constraints For Mixed-Port Feed-Through Mode Setting Don't Care ; Off                ; Off                ;
; Create Debugging Nodes for IP Cores                                             ; Off                ; Off                ;
; Preserve fewer node names                                                       ; On                 ; On                 ;
; Intel FPGA IP Evaluation Mode                                                   ; Enable             ; Enable             ;
; Verilog Version                                                                 ; Verilog_2001       ; Verilog_2001       ;
; VHDL Version                                                                    ; VHDL_1993          ; VHDL_1993          ;
; State Machine Processing                                                        ; Auto               ; Auto               ;
; Safe State Machine                                                              ; Off                ; Off                ;
; Extract Verilog State Machines                                                  ; On                 ; On                 ;
; Extract VHDL State Machines                                                     ; On                 ; On                 ;
; Ignore Verilog initial constructs                                               ; Off                ; Off                ;
; Iteration limit for constant Verilog loops                                      ; 5000               ; 5000               ;
; Iteration limit for non-constant Verilog loops                                  ; 250                ; 250                ;
; Add Pass-Through Logic to Inferred RAMs                                         ; On                 ; On                 ;
; Infer RAMs from Raw Logic                                                       ; On                 ; On                 ;
; Parallel Synthesis                                                              ; On                 ; On                 ;
; DSP Block Balancing                                                             ; Auto               ; Auto               ;
; NOT Gate Push-Back                                                              ; On                 ; On                 ;
; Power-Up Don't Care                                                             ; On                 ; On                 ;
; Remove Redundant Logic Cells                                                    ; Off                ; Off                ;
; Remove Duplicate Registers                                                      ; On                 ; On                 ;
; Ignore CARRY Buffers                                                            ; Off                ; Off                ;
; Ignore CASCADE Buffers                                                          ; Off                ; Off                ;
; Ignore GLOBAL Buffers                                                           ; Off                ; Off                ;
; Ignore ROW GLOBAL Buffers                                                       ; Off                ; Off                ;
; Ignore LCELL Buffers                                                            ; Off                ; Off                ;
; Ignore SOFT Buffers                                                             ; On                 ; On                 ;
; Limit AHDL Integers to 32 Bits                                                  ; Off                ; Off                ;
; Optimization Technique                                                          ; Balanced           ; Balanced           ;
; Carry Chain Length                                                              ; 70                 ; 70                 ;
; Auto Carry Chains                                                               ; On                 ; On                 ;
; Auto Open-Drain Pins                                                            ; On                 ; On                 ;
; Perform WYSIWYG Primitive Resynthesis                                           ; Off                ; Off                ;
; Auto ROM Replacement                                                            ; On                 ; On                 ;
; Auto RAM Replacement                                                            ; On                 ; On                 ;
; Auto DSP Block Replacement                                                      ; On                 ; On                 ;
; Auto Shift Register Replacement                                                 ; Auto               ; Auto               ;
; Allow Shift Register Merging across Hierarchies                                 ; Auto               ; Auto               ;
; Auto Clock Enable Replacement                                                   ; On                 ; On                 ;
; Strict RAM Replacement                                                          ; Off                ; Off                ;
; Allow Synchronous Control Signals                                               ; On                 ; On                 ;
; Force Use of Synchronous Clear Signals                                          ; Off                ; Off                ;
; Auto Resource Sharing                                                           ; Off                ; Off                ;
; Allow Any RAM Size For Recognition                                              ; Off                ; Off                ;
; Allow Any ROM Size For Recognition                                              ; Off                ; Off                ;
; Allow Any Shift Register Size For Recognition                                   ; Off                ; Off                ;
; Use LogicLock Constraints during Resource Balancing                             ; On                 ; On                 ;
; Ignore translate_off and synthesis_off directives                               ; Off                ; Off                ;
; Report Parameter Settings                                                       ; On                 ; On                 ;
; Report Source Assignments                                                       ; On                 ; On                 ;
; Report Connectivity Checks                                                      ; On                 ; On                 ;
; Ignore Maximum Fan-Out Assignments                                              ; Off                ; Off                ;
; Synchronization Register Chain Length                                           ; 3                  ; 3                  ;
; Power Optimization During Synthesis                                             ; Normal compilation ; Normal compilation ;
; HDL message level                                                               ; Level2             ; Level2             ;
; Suppress Register Optimization Related Messages                                 ; Off                ; Off                ;
; Number of Removed Registers Reported in Synthesis Report                        ; 5000               ; 5000               ;
; Number of Swept Nodes Reported in Synthesis Report                              ; 5000               ; 5000               ;
; Number of Inverted Registers Reported in Synthesis Report                       ; 100                ; 100                ;
; Clock MUX Protection                                                            ; On                 ; On                 ;
; Auto Gated Clock Conversion                                                     ; Off                ; Off                ;
; Block Design Naming                                                             ; Auto               ; Auto               ;
; SDC constraint protection                                                       ; Off                ; Off                ;
; Synthesis Effort                                                                ; Auto               ; Auto               ;
; Shift Register Replacement - Allow Asynchronous Clear Signal                    ; On                 ; On                 ;
; Pre-Mapping Resynthesis Optimization                                            ; Off                ; Off                ;
; Analysis & Synthesis Message Level                                              ; Medium             ; Medium             ;
; Disable Register Merging Across Hierarchies                                     ; Auto               ; Auto               ;
; Resource Aware Inference For Block RAM                                          ; On                 ; On                 ;
; Automatic Parallel Synthesis                                                    ; On                 ; On                 ;
; Partial Reconfiguration Bitstream ID                                            ; Off                ; Off                ;
+---------------------------------------------------------------------------------+--------------------+--------------------+


+------------------------------------------+
; Parallel Compilation                     ;
+----------------------------+-------------+
; Processors                 ; Number      ;
+----------------------------+-------------+
; Number detected on machine ; 4           ;
; Maximum allowed            ; 2           ;
;                            ;             ;
; Average used               ; 1.00        ;
; Maximum used               ; 1           ;
;                            ;             ;
; Usage by Processor         ; % Time Used ;
;     Processor 1            ; 100.0%      ;
+----------------------------+-------------+


+------------------------------------------------------------------------------------------------------------------------------------+
; Analysis & Synthesis Source Files Read                                                                                             ;
+----------------------------------+-----------------+-----------------+---------------------------------------------------+---------+
; File Name with User-Entered Path ; Used in Netlist ; File Type       ; File Name with Absolute Path                      ; Library ;
+----------------------------------+-----------------+-----------------+---------------------------------------------------+---------+
; ../rv32_pkg.vhd                  ; yes             ; User VHDL File  ; C:/FPGA/risc-v/rv32_pkg.vhd                       ;         ;
; ../register_file.vhd             ; yes             ; User VHDL File  ; C:/FPGA/risc-v/register_file.vhd                  ;         ;
; decode_unit.vhd                  ; yes             ; User VHDL File  ; C:/FPGA/risc-v/pipelined/decode_unit.vhd          ;         ;
; p_control_unit.vhd               ; yes             ; User VHDL File  ; C:/FPGA/risc-v/pipelined/p_control_unit.vhd       ;         ;
; immediate_generation.vhd         ; yes             ; User VHDL File  ; C:/FPGA/risc-v/pipelined/immediate_generation.vhd ;         ;
+----------------------------------+-----------------+-----------------+---------------------------------------------------+---------+


+---------------------------------------------------------+
; Analysis & Synthesis Resource Usage Summary             ;
+---------------------------------------------+-----------+
; Resource                                    ; Usage     ;
+---------------------------------------------+-----------+
; Estimate of Logic utilization (ALMs needed) ; 902       ;
;                                             ;           ;
; Combinational ALUT usage for logic          ; 725       ;
;     -- 7 input functions                    ; 0         ;
;     -- 6 input functions                    ; 678       ;
;     -- 5 input functions                    ; 12        ;
;     -- 4 input functions                    ; 0         ;
;     -- <=3 input functions                  ; 35        ;
;                                             ;           ;
; Dedicated logic registers                   ; 1187      ;
;                                             ;           ;
; I/O pins                                    ; 361       ;
;                                             ;           ;
; Total DSP Blocks                            ; 0         ;
;                                             ;           ;
; Maximum fan-out node                        ; clk~input ;
; Maximum fan-out                             ; 1187      ;
; Total fan-out                               ; 9457      ;
; Average fan-out                             ; 3.59      ;
+---------------------------------------------+-----------+


+------------------------------------------------------------------------------------------------------------------------------------------------------------------------------------------------------------------------------------------+
; Analysis & Synthesis Resource Utilization by Entity                                                                                                                                                                                      ;
+-----------------------------------------+---------------------+---------------------------+-------------------+------------+------+--------------+-------------------------------------------------+----------------------+--------------+
; Compilation Hierarchy Node              ; Combinational ALUTs ; Dedicated Logic Registers ; Block Memory Bits ; DSP Blocks ; Pins ; Virtual Pins ; Full Hierarchy Name                             ; Entity Name          ; Library Name ;
+-----------------------------------------+---------------------+---------------------------+-------------------+------------+------+--------------+-------------------------------------------------+----------------------+--------------+
; |decode_unit                            ; 725 (11)            ; 1187 (195)                ; 0                 ; 0          ; 361  ; 0            ; |decode_unit                                    ; decode_unit          ; work         ;
;    |immediate_generation:imm_gen|       ; 7 (7)               ; 0 (0)                     ; 0                 ; 0          ; 0    ; 0            ; |decode_unit|immediate_generation:imm_gen       ; immediate_generation ; work         ;
;    |p_control_unit:p_control_unit_inst| ; 34 (34)             ; 0 (0)                     ; 0                 ; 0          ; 0    ; 0            ; |decode_unit|p_control_unit:p_control_unit_inst ; p_control_unit       ; work         ;
;    |register_file:rf_inst|              ; 673 (673)           ; 992 (992)                 ; 0                 ; 0          ; 0    ; 0            ; |decode_unit|register_file:rf_inst              ; register_file        ; work         ;
+-----------------------------------------+---------------------+---------------------------+-------------------+------------+------+--------------+-------------------------------------------------+----------------------+--------------+
Note: For table entries with two numbers listed, the numbers in parentheses indicate the number of resources of the given type used by the specific entity alone. The numbers listed outside of parentheses indicate the total resources of the given type used by the specific entity and all of its sub-entities in the hierarchy.


+------------------------------------------------------+
; General Register Statistics                          ;
+----------------------------------------------+-------+
; Statistic                                    ; Value ;
+----------------------------------------------+-------+
; Total registers                              ; 1187  ;
; Number of registers using Synchronous Clear  ; 64    ;
; Number of registers using Synchronous Load   ; 15    ;
; Number of registers using Asynchronous Clear ; 1027  ;
; Number of registers using Asynchronous Load  ; 0     ;
; Number of registers using Clock Enable       ; 1187  ;
; Number of registers using Preset             ; 0     ;
+----------------------------------------------+-------+


+----------------------------------------------------------------------------------------------------------------------------------------------------------------+
; Multiplexer Restructuring Statistics (Restructuring Performed)                                                                                                 ;
+--------------------+-----------+---------------+----------------------+------------------------+------------+--------------------------------------------------+
; Multiplexer Inputs ; Bus Width ; Baseline Area ; Area if Restructured ; Saving if Restructured ; Registered ; Example Multiplexer Output                       ;
+--------------------+-----------+---------------+----------------------+------------------------+------------+--------------------------------------------------+
; 32:1               ; 32 bits   ; 672 LEs       ; 640 LEs              ; 32 LEs                 ; Yes        ; |decode_unit|ID_EXEC_data_o.rs2[28]~reg0         ;
; 32:1               ; 32 bits   ; 672 LEs       ; 640 LEs              ; 32 LEs                 ; Yes        ; |decode_unit|ID_EXEC_data_o.rs1[4]~reg0          ;
; 59:1               ; 5 bits    ; 195 LEs       ; 45 LEs               ; 150 LEs                ; Yes        ; |decode_unit|ID_EXEC_ctrl_o.p_rf_ctrl.rd[0]~reg0 ;
; 65:1               ; 5 bits    ; 215 LEs       ; 10 LEs               ; 205 LEs                ; Yes        ; |decode_unit|ID_EXEC_data_o.imm[0]~reg0          ;
+--------------------+-----------+---------------+----------------------+------------------------+------------+--------------------------------------------------+


+-----------------------------------------------------+
; Post-Synthesis Netlist Statistics for Top Partition ;
+-----------------------+-----------------------------+
; Type                  ; Count                       ;
+-----------------------+-----------------------------+
; arriav_ff             ; 1187                        ;
;     ENA               ; 81                          ;
;     ENA CLR           ; 1027                        ;
;     ENA SCLR          ; 64                          ;
;     ENA SLD           ; 15                          ;
; arriav_lcell_comb     ; 725                         ;
;     normal            ; 725                         ;
;         2 data inputs ; 14                          ;
;         3 data inputs ; 21                          ;
;         5 data inputs ; 12                          ;
;         6 data inputs ; 678                         ;
; boundary_port         ; 361                         ;
;                       ;                             ;
; Max LUT depth         ; 3.00                        ;
; Average LUT depth     ; 2.26                        ;
+-----------------------+-----------------------------+


+-------------------------------+
; Elapsed Time Per Partition    ;
+----------------+--------------+
; Partition Name ; Elapsed Time ;
+----------------+--------------+
; Top            ; 00:00:03     ;
+----------------+--------------+


+-------------------------------+
; Analysis & Synthesis Messages ;
+-------------------------------+
Info: *******************************************************************
Info: Running Quartus Prime Analysis & Synthesis
    Info: Version 18.1.0 Build 625 09/12/2018 SJ Standard Edition
    Info: Processing started: Wed May 10 20:27:29 2023
Info: Command: quartus_map --read_settings_files=on --write_settings_files=off decode_unit -c decode_unit
Warning (18236): Number of processors has not been specified which may cause overloading on shared machines.  Set the global assignment NUM_PARALLEL_PROCESSORS in your QSF to an appropriate value for best performance.
Info (20030): Parallel compilation is enabled and will use 2 of the 2 processors detected
Info (12021): Found 2 design units, including 0 entities, in source file /fpga/risc-v/rv32_pkg.vhd
    Info (12022): Found design unit 1: rv32_pkg File: C:/FPGA/risc-v/rv32_pkg.vhd Line: 7
    Info (12022): Found design unit 2: rv32_pkg-body File: C:/FPGA/risc-v/rv32_pkg.vhd Line: 168
Info (12021): Found 2 design units, including 1 entities, in source file /fpga/risc-v/register_file.vhd
    Info (12022): Found design unit 1: register_file-arc File: C:/FPGA/risc-v/register_file.vhd Line: 20
    Info (12023): Found entity 1: register_file File: C:/FPGA/risc-v/register_file.vhd Line: 8
Info (12021): Found 2 design units, including 1 entities, in source file /fpga/risc-v/pc_unit.vhd
    Info (12022): Found design unit 1: pc_unit-arc File: C:/FPGA/risc-v/pc_unit.vhd Line: 18
    Info (12023): Found entity 1: pc_unit File: C:/FPGA/risc-v/pc_unit.vhd Line: 7
Info (12021): Found 2 design units, including 1 entities, in source file /fpga/risc-v/mux8_1.vhd
    Info (12022): Found design unit 1: mux8_1-arc File: C:/FPGA/risc-v/mux8_1.vhd Line: 13
    Info (12023): Found entity 1: mux8_1 File: C:/FPGA/risc-v/mux8_1.vhd Line: 5
Info (12021): Found 2 design units, including 1 entities, in source file /fpga/risc-v/mem_bus_ctrl.vhd
    Info (12022): Found design unit 1: mem_bus_ctrl-arc File: C:/FPGA/risc-v/mem_bus_ctrl.vhd Line: 25
    Info (12023): Found entity 1: mem_bus_ctrl File: C:/FPGA/risc-v/mem_bus_ctrl.vhd Line: 8
Info (12021): Found 2 design units, including 1 entities, in source file /fpga/risc-v/dmem_32.vhd
    Info (12022): Found design unit 1: dmem_32-arc File: C:/FPGA/risc-v/dmem_32.vhd Line: 23
    Info (12023): Found entity 1: dmem_32 File: C:/FPGA/risc-v/dmem_32.vhd Line: 10
Info (12021): Found 2 design units, including 1 entities, in source file /fpga/risc-v/cpu_core.vhd
    Info (12022): Found design unit 1: cpu_core-arc File: C:/FPGA/risc-v/cpu_core.vhd Line: 22
    Info (12023): Found entity 1: cpu_core File: C:/FPGA/risc-v/cpu_core.vhd Line: 9
Info (12021): Found 2 design units, including 1 entities, in source file /fpga/risc-v/alu.vhd
    Info (12022): Found design unit 1: alu-arc File: C:/FPGA/risc-v/alu.vhd Line: 16
    Info (12023): Found entity 1: alu File: C:/FPGA/risc-v/alu.vhd Line: 7
Info (12021): Found 2 design units, including 1 entities, in source file decode_unit.vhd
    Info (12022): Found design unit 1: decode_unit-arc File: C:/FPGA/risc-v/pipelined/decode_unit.vhd Line: 21
    Info (12023): Found entity 1: decode_unit File: C:/FPGA/risc-v/pipelined/decode_unit.vhd Line: 9
Info (12021): Found 2 design units, including 1 entities, in source file p_control_unit.vhd
    Info (12022): Found design unit 1: p_control_unit-arc File: C:/FPGA/risc-v/pipelined/p_control_unit.vhd Line: 20
    Info (12023): Found entity 1: p_control_unit File: C:/FPGA/risc-v/pipelined/p_control_unit.vhd Line: 9
Info (12021): Found 2 design units, including 1 entities, in source file immediate_generation.vhd
    Info (12022): Found design unit 1: immediate_generation-arc File: C:/FPGA/risc-v/pipelined/immediate_generation.vhd Line: 16
    Info (12023): Found entity 1: immediate_generation File: C:/FPGA/risc-v/pipelined/immediate_generation.vhd Line: 9
Info (12127): Elaborating entity "decode_unit" for the top level hierarchy
Info (12128): Elaborating entity "p_control_unit" for hierarchy "p_control_unit:p_control_unit_inst" File: C:/FPGA/risc-v/pipelined/decode_unit.vhd Line: 77
Info (12128): Elaborating entity "immediate_generation" for hierarchy "immediate_generation:imm_gen" File: C:/FPGA/risc-v/pipelined/decode_unit.vhd Line: 91
Warning (10492): VHDL Process Statement warning at immediate_generation.vhd(35): signal "imm20" is read inside the Process Statement but isn't in the Process Statement's sensitivity list File: C:/FPGA/risc-v/pipelined/immediate_generation.vhd Line: 35
Warning (10492): VHDL Process Statement warning at immediate_generation.vhd(37): signal "imm_mem" is read inside the Process Statement but isn't in the Process Statement's sensitivity list File: C:/FPGA/risc-v/pipelined/immediate_generation.vhd Line: 37
Warning (10492): VHDL Process Statement warning at immediate_generation.vhd(39): signal "imm12" is read inside the Process Statement but isn't in the Process Statement's sensitivity list File: C:/FPGA/risc-v/pipelined/immediate_generation.vhd Line: 39
Info (12128): Elaborating entity "register_file" for hierarchy "register_file:rf_inst" File: C:/FPGA/risc-v/pipelined/decode_unit.vhd Line: 97
Warning (10492): VHDL Process Statement warning at register_file.vhd(56): signal "regx1_x31" is read inside the Process Statement but isn't in the Process Statement's sensitivity list File: C:/FPGA/risc-v/register_file.vhd Line: 56
Warning (10492): VHDL Process Statement warning at register_file.vhd(63): signal "regx1_x31" is read inside the Process Statement but isn't in the Process Statement's sensitivity list File: C:/FPGA/risc-v/register_file.vhd Line: 63
Info (16010): Generating hard_block partition "hard_block:auto_generated_inst"
    Info (16011): Adding 0 node(s), including 0 DDIO, 0 PLL, 0 transceiver and 0 LCELL
Warning (21074): Design contains 29 input pin(s) that do not drive logic
    Warning (15610): No output dependent on input pin "RWB_DEC_ctrl_i.p_rf_ctrl.rd_ena" File: C:/FPGA/risc-v/pipelined/decode_unit.vhd Line: 14
    Warning (15610): No output dependent on input pin "RWB_DEC_ctrl_i.p_rf_ctrl.in_sel[0]" File: C:/FPGA/risc-v/pipelined/decode_unit.vhd Line: 14
    Warning (15610): No output dependent on input pin "RWB_DEC_ctrl_i.p_rf_ctrl.in_sel[1]" File: C:/FPGA/risc-v/pipelined/decode_unit.vhd Line: 14
    Warning (15610): No output dependent on input pin "RWB_DEC_ctrl_i.alu_ctrl.funct[0]" File: C:/FPGA/risc-v/pipelined/decode_unit.vhd Line: 14
    Warning (15610): No output dependent on input pin "RWB_DEC_ctrl_i.alu_ctrl.funct[1]" File: C:/FPGA/risc-v/pipelined/decode_unit.vhd Line: 14
    Warning (15610): No output dependent on input pin "RWB_DEC_ctrl_i.alu_ctrl.funct[2]" File: C:/FPGA/risc-v/pipelined/decode_unit.vhd Line: 14
    Warning (15610): No output dependent on input pin "RWB_DEC_ctrl_i.alu_ctrl.funct[3]" File: C:/FPGA/risc-v/pipelined/decode_unit.vhd Line: 14
    Warning (15610): No output dependent on input pin "RWB_DEC_ctrl_i.alu_ctrl.funct[4]" File: C:/FPGA/risc-v/pipelined/decode_unit.vhd Line: 14
    Warning (15610): No output dependent on input pin "RWB_DEC_ctrl_i.alu_ctrl.funct[5]" File: C:/FPGA/risc-v/pipelined/decode_unit.vhd Line: 14
    Warning (15610): No output dependent on input pin "RWB_DEC_ctrl_i.alu_ctrl.funct[6]" File: C:/FPGA/risc-v/pipelined/decode_unit.vhd Line: 14
    Warning (15610): No output dependent on input pin "RWB_DEC_ctrl_i.alu_ctrl.funct[7]" File: C:/FPGA/risc-v/pipelined/decode_unit.vhd Line: 14
    Warning (15610): No output dependent on input pin "RWB_DEC_ctrl_i.alu_ctrl.funct[8]" File: C:/FPGA/risc-v/pipelined/decode_unit.vhd Line: 14
    Warning (15610): No output dependent on input pin "RWB_DEC_ctrl_i.alu_ctrl.funct[9]" File: C:/FPGA/risc-v/pipelined/decode_unit.vhd Line: 14
    Warning (15610): No output dependent on input pin "RWB_DEC_ctrl_i.alu_ctrl.op2_sel[0]" File: C:/FPGA/risc-v/pipelined/decode_unit.vhd Line: 14
    Warning (15610): No output dependent on input pin "RWB_DEC_ctrl_i.alu_ctrl.op2_sel[1]" File: C:/FPGA/risc-v/pipelined/decode_unit.vhd Line: 14
    Warning (15610): No output dependent on input pin "RWB_DEC_ctrl_i.alu_ctrl.op1_sel[0]" File: C:/FPGA/risc-v/pipelined/decode_unit.vhd Line: 14
    Warning (15610): No output dependent on input pin "RWB_DEC_ctrl_i.alu_ctrl.op1_sel[1]" File: C:/FPGA/risc-v/pipelined/decode_unit.vhd Line: 14
    Warning (15610): No output dependent on input pin "RWB_DEC_ctrl_i.cpu_dbus_ctrl.bmux_sel[0]" File: C:/FPGA/risc-v/pipelined/decode_unit.vhd Line: 14
    Warning (15610): No output dependent on input pin "RWB_DEC_ctrl_i.cpu_dbus_ctrl.bmux_sel[1]" File: C:/FPGA/risc-v/pipelined/decode_unit.vhd Line: 14
    Warning (15610): No output dependent on input pin "RWB_DEC_ctrl_i.cpu_dbus_ctrl.bmux_sel[2]" File: C:/FPGA/risc-v/pipelined/decode_unit.vhd Line: 14
    Warning (15610): No output dependent on input pin "RWB_DEC_ctrl_i.cpu_dbus_ctrl.pc_sel_msb" File: C:/FPGA/risc-v/pipelined/decode_unit.vhd Line: 14
    Warning (15610): No output dependent on input pin "RWB_DEC_ctrl_i.dmem_bus_ctrl.signext" File: C:/FPGA/risc-v/pipelined/decode_unit.vhd Line: 14
    Warning (15610): No output dependent on input pin "RWB_DEC_ctrl_i.dmem_bus_ctrl.wr_ctrl[0]" File: C:/FPGA/risc-v/pipelined/decode_unit.vhd Line: 14
    Warning (15610): No output dependent on input pin "RWB_DEC_ctrl_i.dmem_bus_ctrl.wr_ctrl[1]" File: C:/FPGA/risc-v/pipelined/decode_unit.vhd Line: 14
    Warning (15610): No output dependent on input pin "RWB_DEC_ctrl_i.dmem_bus_ctrl.rd_ctrl[0]" File: C:/FPGA/risc-v/pipelined/decode_unit.vhd Line: 14
    Warning (15610): No output dependent on input pin "RWB_DEC_ctrl_i.dmem_bus_ctrl.rd_ctrl[1]" File: C:/FPGA/risc-v/pipelined/decode_unit.vhd Line: 14
    Warning (15610): No output dependent on input pin "RWB_DEC_ctrl_i.dmem_bus_ctrl.wr_ena" File: C:/FPGA/risc-v/pipelined/decode_unit.vhd Line: 14
    Warning (15610): No output dependent on input pin "RWB_DEC_ctrl_i.dmem_bus_ctrl.rd_ena" File: C:/FPGA/risc-v/pipelined/decode_unit.vhd Line: 14
    Warning (15610): No output dependent on input pin "RWB_DEC_ctrl_i.dmem_bus_ctrl.acc_ena" File: C:/FPGA/risc-v/pipelined/decode_unit.vhd Line: 14
Info (21057): Implemented 2177 device resources after synthesis - the final resource count might be different
    Info (21058): Implemented 166 input pins
    Info (21059): Implemented 195 output pins
    Info (21061): Implemented 1816 logic cells
Info: Quartus Prime Analysis & Synthesis was successful. 0 errors, 36 warnings
    Info: Peak virtual memory: 4888 megabytes
    Info: Processing ended: Wed May 10 20:27:51 2023
    Info: Elapsed time: 00:00:22
    Info: Total CPU time (on all processors): 00:00:43


