Analysis & Synthesis report for cpu_core
Sat May 20 07:36:49 2023
Quartus Prime Version 18.1.0 Build 625 09/12/2018 SJ Standard Edition


---------------------
; Table of Contents ;
---------------------
  1. Legal Notice
  2. Analysis & Synthesis Summary
  3. Analysis & Synthesis Settings
  4. Parallel Compilation
  5. Analysis & Synthesis Source Files Read
  6. Analysis & Synthesis Resource Usage Summary
  7. Analysis & Synthesis Resource Utilization by Entity
  8. General Register Statistics
  9. Port Connectivity Checks: "mem_unit:mem_unit_inst"
 10. Port Connectivity Checks: "exec_unit:exec_unit_inst"
 11. Port Connectivity Checks: "decode_unit:decode_unit_inst"
 12. Port Connectivity Checks: "fetch_unit:fetch_unit_inst|mux8_1:branch_mux"
 13. Port Connectivity Checks: "fetch_unit:fetch_unit_inst"
 14. Post-Synthesis Netlist Statistics for Top Partition
 15. Elapsed Time Per Partition
 16. Analysis & Synthesis Messages



----------------
; Legal Notice ;
----------------
Copyright (C) 2018  Intel Corporation. All rights reserved.
Your use of Intel Corporation's design tools, logic functions 
and other software and tools, and its AMPP partner logic 
functions, and any output files from any of the foregoing 
(including device programming or simulation files), and any 
associated documentation or information are expressly subject 
to the terms and conditions of the Intel Program License 
Subscription Agreement, the Intel Quartus Prime License Agreement,
the Intel FPGA IP License Agreement, or other applicable license
agreement, including, without limitation, that your use is for
the sole purpose of programming logic devices manufactured by
Intel and sold by Intel or its authorized distributors.  Please
refer to the applicable agreement for further details.



+-----------------------------------------------------------------------------------+
; Analysis & Synthesis Summary                                                      ;
+---------------------------------+-------------------------------------------------+
; Analysis & Synthesis Status     ; Successful - Sat May 20 07:36:49 2023           ;
; Quartus Prime Version           ; 18.1.0 Build 625 09/12/2018 SJ Standard Edition ;
; Revision Name                   ; cpu_core                                        ;
; Top-level Entity Name           ; cpu_core                                        ;
; Family                          ; Cyclone V                                       ;
; Logic utilization (in ALMs)     ; N/A                                             ;
; Total registers                 ; 0                                               ;
; Total pins                      ; 67                                              ;
; Total virtual pins              ; 0                                               ;
; Total block memory bits         ; 0                                               ;
; Total DSP Blocks                ; 0                                               ;
; Total HSSI RX PCSs              ; 0                                               ;
; Total HSSI PMA RX Deserializers ; 0                                               ;
; Total HSSI TX PCSs              ; 0                                               ;
; Total HSSI PMA TX Serializers   ; 0                                               ;
; Total PLLs                      ; 0                                               ;
; Total DLLs                      ; 0                                               ;
+---------------------------------+-------------------------------------------------+


+---------------------------------------------------------------------------------------------------------------------------+
; Analysis & Synthesis Settings                                                                                             ;
+---------------------------------------------------------------------------------+--------------------+--------------------+
; Option                                                                          ; Setting            ; Default Value      ;
+---------------------------------------------------------------------------------+--------------------+--------------------+
; Device                                                                          ; 5CSEMA5F31C6       ;                    ;
; Top-level entity name                                                           ; cpu_core           ; cpu_core           ;
; Family name                                                                     ; Cyclone V          ; Cyclone V          ;
; Use smart compilation                                                           ; Off                ; Off                ;
; Enable parallel Assembler and Timing Analyzer during compilation                ; On                 ; On                 ;
; Enable compact report table                                                     ; Off                ; Off                ;
; Restructure Multiplexers                                                        ; Auto               ; Auto               ;
; MLAB Add Timing Constraints For Mixed-Port Feed-Through Mode Setting Don't Care ; Off                ; Off                ;
; Create Debugging Nodes for IP Cores                                             ; Off                ; Off                ;
; Preserve fewer node names                                                       ; On                 ; On                 ;
; Intel FPGA IP Evaluation Mode                                                   ; Enable             ; Enable             ;
; Verilog Version                                                                 ; Verilog_2001       ; Verilog_2001       ;
; VHDL Version                                                                    ; VHDL_1993          ; VHDL_1993          ;
; State Machine Processing                                                        ; Auto               ; Auto               ;
; Safe State Machine                                                              ; Off                ; Off                ;
; Extract Verilog State Machines                                                  ; On                 ; On                 ;
; Extract VHDL State Machines                                                     ; On                 ; On                 ;
; Ignore Verilog initial constructs                                               ; Off                ; Off                ;
; Iteration limit for constant Verilog loops                                      ; 5000               ; 5000               ;
; Iteration limit for non-constant Verilog loops                                  ; 250                ; 250                ;
; Add Pass-Through Logic to Inferred RAMs                                         ; On                 ; On                 ;
; Infer RAMs from Raw Logic                                                       ; On                 ; On                 ;
; Parallel Synthesis                                                              ; On                 ; On                 ;
; DSP Block Balancing                                                             ; Auto               ; Auto               ;
; NOT Gate Push-Back                                                              ; On                 ; On                 ;
; Power-Up Don't Care                                                             ; On                 ; On                 ;
; Remove Redundant Logic Cells                                                    ; Off                ; Off                ;
; Remove Duplicate Registers                                                      ; On                 ; On                 ;
; Ignore CARRY Buffers                                                            ; Off                ; Off                ;
; Ignore CASCADE Buffers                                                          ; Off                ; Off                ;
; Ignore GLOBAL Buffers                                                           ; Off                ; Off                ;
; Ignore ROW GLOBAL Buffers                                                       ; Off                ; Off                ;
; Ignore LCELL Buffers                                                            ; Off                ; Off                ;
; Ignore SOFT Buffers                                                             ; On                 ; On                 ;
; Limit AHDL Integers to 32 Bits                                                  ; Off                ; Off                ;
; Optimization Technique                                                          ; Balanced           ; Balanced           ;
; Carry Chain Length                                                              ; 70                 ; 70                 ;
; Auto Carry Chains                                                               ; On                 ; On                 ;
; Auto Open-Drain Pins                                                            ; On                 ; On                 ;
; Perform WYSIWYG Primitive Resynthesis                                           ; Off                ; Off                ;
; Auto ROM Replacement                                                            ; On                 ; On                 ;
; Auto RAM Replacement                                                            ; On                 ; On                 ;
; Auto DSP Block Replacement                                                      ; On                 ; On                 ;
; Auto Shift Register Replacement                                                 ; Auto               ; Auto               ;
; Allow Shift Register Merging across Hierarchies                                 ; Auto               ; Auto               ;
; Auto Clock Enable Replacement                                                   ; On                 ; On                 ;
; Strict RAM Replacement                                                          ; Off                ; Off                ;
; Allow Synchronous Control Signals                                               ; On                 ; On                 ;
; Force Use of Synchronous Clear Signals                                          ; Off                ; Off                ;
; Auto Resource Sharing                                                           ; Off                ; Off                ;
; Allow Any RAM Size For Recognition                                              ; Off                ; Off                ;
; Allow Any ROM Size For Recognition                                              ; Off                ; Off                ;
; Allow Any Shift Register Size For Recognition                                   ; Off                ; Off                ;
; Use LogicLock Constraints during Resource Balancing                             ; On                 ; On                 ;
; Ignore translate_off and synthesis_off directives                               ; Off                ; Off                ;
; Timing-Driven Synthesis                                                         ; On                 ; On                 ;
; Report Parameter Settings                                                       ; On                 ; On                 ;
; Report Source Assignments                                                       ; On                 ; On                 ;
; Report Connectivity Checks                                                      ; On                 ; On                 ;
; Ignore Maximum Fan-Out Assignments                                              ; Off                ; Off                ;
; Synchronization Register Chain Length                                           ; 3                  ; 3                  ;
; Power Optimization During Synthesis                                             ; Normal compilation ; Normal compilation ;
; HDL message level                                                               ; Level2             ; Level2             ;
; Suppress Register Optimization Related Messages                                 ; Off                ; Off                ;
; Number of Removed Registers Reported in Synthesis Report                        ; 5000               ; 5000               ;
; Number of Swept Nodes Reported in Synthesis Report                              ; 5000               ; 5000               ;
; Number of Inverted Registers Reported in Synthesis Report                       ; 100                ; 100                ;
; Clock MUX Protection                                                            ; On                 ; On                 ;
; Auto Gated Clock Conversion                                                     ; Off                ; Off                ;
; Block Design Naming                                                             ; Auto               ; Auto               ;
; SDC constraint protection                                                       ; Off                ; Off                ;
; Synthesis Effort                                                                ; Auto               ; Auto               ;
; Shift Register Replacement - Allow Asynchronous Clear Signal                    ; On                 ; On                 ;
; Pre-Mapping Resynthesis Optimization                                            ; Off                ; Off                ;
; Analysis & Synthesis Message Level                                              ; Medium             ; Medium             ;
; Disable Register Merging Across Hierarchies                                     ; Auto               ; Auto               ;
; Resource Aware Inference For Block RAM                                          ; On                 ; On                 ;
; Automatic Parallel Synthesis                                                    ; On                 ; On                 ;
; Partial Reconfiguration Bitstream ID                                            ; Off                ; Off                ;
+---------------------------------------------------------------------------------+--------------------+--------------------+


+------------------------------------------+
; Parallel Compilation                     ;
+----------------------------+-------------+
; Processors                 ; Number      ;
+----------------------------+-------------+
; Number detected on machine ; 4           ;
; Maximum allowed            ; 2           ;
;                            ;             ;
; Average used               ; 1.00        ;
; Maximum used               ; 1           ;
;                            ;             ;
; Usage by Processor         ; % Time Used ;
;     Processor 1            ; 100.0%      ;
+----------------------------+-------------+


+------------------------------------------------------------------------------------------------------------------------------------+
; Analysis & Synthesis Source Files Read                                                                                             ;
+----------------------------------+-----------------+-----------------+---------------------------------------------------+---------+
; File Name with User-Entered Path ; Used in Netlist ; File Type       ; File Name with Absolute Path                      ; Library ;
+----------------------------------+-----------------+-----------------+---------------------------------------------------+---------+
; ../register_file.vhd             ; yes             ; User VHDL File  ; C:/FPGA/risc-v/register_file.vhd                  ;         ;
; ../pc_unit.vhd                   ; yes             ; User VHDL File  ; C:/FPGA/risc-v/pc_unit.vhd                        ;         ;
; ../mux8_1.vhd                    ; yes             ; User VHDL File  ; C:/FPGA/risc-v/mux8_1.vhd                         ;         ;
; ../mem_bus_ctrl.vhd              ; yes             ; User VHDL File  ; C:/FPGA/risc-v/mem_bus_ctrl.vhd                   ;         ;
; ../dmem_32.vhd                   ; yes             ; User VHDL File  ; C:/FPGA/risc-v/dmem_32.vhd                        ;         ;
; ../alu.vhd                       ; yes             ; User VHDL File  ; C:/FPGA/risc-v/alu.vhd                            ;         ;
; ../rv32_pkg.vhd                  ; yes             ; User VHDL File  ; C:/FPGA/risc-v/rv32_pkg.vhd                       ;         ;
; rwb_unit.vhd                     ; yes             ; User VHDL File  ; C:/FPGA/risc-v/pipelined/rwb_unit.vhd             ;         ;
; p_control_unit.vhd               ; yes             ; User VHDL File  ; C:/FPGA/risc-v/pipelined/p_control_unit.vhd       ;         ;
; mem_unit.vhd                     ; yes             ; User VHDL File  ; C:/FPGA/risc-v/pipelined/mem_unit.vhd             ;         ;
; immediate_generation.vhd         ; yes             ; User VHDL File  ; C:/FPGA/risc-v/pipelined/immediate_generation.vhd ;         ;
; fetch_unit.vhd                   ; yes             ; User VHDL File  ; C:/FPGA/risc-v/pipelined/fetch_unit.vhd           ;         ;
; exec_unit.vhd                    ; yes             ; User VHDL File  ; C:/FPGA/risc-v/pipelined/exec_unit.vhd            ;         ;
; decode_unit.vhd                  ; yes             ; User VHDL File  ; C:/FPGA/risc-v/pipelined/decode_unit.vhd          ;         ;
; cpu_core.vhd                     ; yes             ; User VHDL File  ; C:/FPGA/risc-v/pipelined/cpu_core.vhd             ;         ;
+----------------------------------+-----------------+-----------------+---------------------------------------------------+---------+


+-----------------------------------------------------+
; Analysis & Synthesis Resource Usage Summary         ;
+---------------------------------------------+-------+
; Resource                                    ; Usage ;
+---------------------------------------------+-------+
; Estimate of Logic utilization (ALMs needed) ; 0     ;
;                                             ;       ;
; Combinational ALUT usage for logic          ; 0     ;
;     -- 7 input functions                    ; 0     ;
;     -- 6 input functions                    ; 0     ;
;     -- 5 input functions                    ; 0     ;
;     -- 4 input functions                    ; 0     ;
;     -- <=3 input functions                  ; 0     ;
;                                             ;       ;
; Dedicated logic registers                   ; 0     ;
;                                             ;       ;
; I/O pins                                    ; 67    ;
;                                             ;       ;
; Total DSP Blocks                            ; 0     ;
;                                             ;       ;
; Maximum fan-out node                        ; clk   ;
; Maximum fan-out                             ; 1     ;
; Total fan-out                               ; 67    ;
; Average fan-out                             ; 0.50  ;
+---------------------------------------------+-------+


+----------------------------------------------------------------------------------------------------------------------------------------------------------------------------------------+
; Analysis & Synthesis Resource Utilization by Entity                                                                                                                                    ;
+----------------------------+---------------------+---------------------------+-------------------+------------+------+--------------+---------------------+-------------+--------------+
; Compilation Hierarchy Node ; Combinational ALUTs ; Dedicated Logic Registers ; Block Memory Bits ; DSP Blocks ; Pins ; Virtual Pins ; Full Hierarchy Name ; Entity Name ; Library Name ;
+----------------------------+---------------------+---------------------------+-------------------+------------+------+--------------+---------------------+-------------+--------------+
; |cpu_core                  ; 0 (0)               ; 0 (0)                     ; 0                 ; 0          ; 67   ; 0            ; |cpu_core           ; cpu_core    ; work         ;
+----------------------------+---------------------+---------------------------+-------------------+------------+------+--------------+---------------------+-------------+--------------+
Note: For table entries with two numbers listed, the numbers in parentheses indicate the number of resources of the given type used by the specific entity alone. The numbers listed outside of parentheses indicate the total resources of the given type used by the specific entity and all of its sub-entities in the hierarchy.


+------------------------------------------------------+
; General Register Statistics                          ;
+----------------------------------------------+-------+
; Statistic                                    ; Value ;
+----------------------------------------------+-------+
; Total registers                              ; 0     ;
; Number of registers using Synchronous Clear  ; 0     ;
; Number of registers using Synchronous Load   ; 0     ;
; Number of registers using Asynchronous Clear ; 0     ;
; Number of registers using Asynchronous Load  ; 0     ;
; Number of registers using Clock Enable       ; 0     ;
; Number of registers using Preset             ; 0     ;
+----------------------------------------------+-------+


+----------------------------------------------------+
; Port Connectivity Checks: "mem_unit:mem_unit_inst" ;
+-------+-------+----------+-------------------------+
; Port  ; Type  ; Severity ; Details                 ;
+-------+-------+----------+-------------------------+
; stall ; Input ; Info     ; Stuck at GND            ;
+-------+-------+----------+-------------------------+


+------------------------------------------------------+
; Port Connectivity Checks: "exec_unit:exec_unit_inst" ;
+-------+-------+----------+---------------------------+
; Port  ; Type  ; Severity ; Details                   ;
+-------+-------+----------+---------------------------+
; stall ; Input ; Info     ; Stuck at GND              ;
+-------+-------+----------+---------------------------+


+----------------------------------------------------------+
; Port Connectivity Checks: "decode_unit:decode_unit_inst" ;
+-------+-------+----------+-------------------------------+
; Port  ; Type  ; Severity ; Details                       ;
+-------+-------+----------+-------------------------------+
; stall ; Input ; Info     ; Stuck at GND                  ;
+-------+-------+----------+-------------------------------+


+--------------------------------------------------------------------------+
; Port Connectivity Checks: "fetch_unit:fetch_unit_inst|mux8_1:branch_mux" ;
+------+-------+----------+------------------------------------------------+
; Port ; Type  ; Severity ; Details                                        ;
+------+-------+----------+------------------------------------------------+
; x1   ; Input ; Info     ; Stuck at GND                                   ;
; x2   ; Input ; Info     ; Stuck at VCC                                   ;
+------+-------+----------+------------------------------------------------+


+------------------------------------------------------------------------------------------------------------------------+
; Port Connectivity Checks: "fetch_unit:fetch_unit_inst"                                                                 ;
+--------------+--------+----------+-------------------------------------------------------------------------------------+
; Port         ; Type   ; Severity ; Details                                                                             ;
+--------------+--------+----------+-------------------------------------------------------------------------------------+
; stall        ; Input  ; Info     ; Stuck at GND                                                                        ;
; if_id_ctrl_o ; Output ; Info     ; Connected to dangling logic. Logic that only feeds a dangling port will be removed. ;
+--------------+--------+----------+-------------------------------------------------------------------------------------+


+-----------------------------------------------------+
; Post-Synthesis Netlist Statistics for Top Partition ;
+-----------------------+-----------------------------+
; Type                  ; Count                       ;
+-----------------------+-----------------------------+
; arriav_lcell_comb     ; 2                           ;
;     normal            ; 2                           ;
;         0 data inputs ; 2                           ;
; boundary_port         ; 67                          ;
;                       ;                             ;
; Max LUT depth         ; 0.00                        ;
; Average LUT depth     ; 0.00                        ;
+-----------------------+-----------------------------+


+-------------------------------+
; Elapsed Time Per Partition    ;
+----------------+--------------+
; Partition Name ; Elapsed Time ;
+----------------+--------------+
; Top            ; 00:00:00     ;
+----------------+--------------+


+-------------------------------+
; Analysis & Synthesis Messages ;
+-------------------------------+
Info: *******************************************************************
Info: Running Quartus Prime Analysis & Synthesis
    Info: Version 18.1.0 Build 625 09/12/2018 SJ Standard Edition
    Info: Processing started: Sat May 20 07:36:28 2023
Info: Command: quartus_map --read_settings_files=on --write_settings_files=off cpu_core -c cpu_core
Warning (18236): Number of processors has not been specified which may cause overloading on shared machines.  Set the global assignment NUM_PARALLEL_PROCESSORS in your QSF to an appropriate value for best performance.
Info (20030): Parallel compilation is enabled and will use 2 of the 2 processors detected
Info (12021): Found 2 design units, including 1 entities, in source file /fpga/risc-v/register_file.vhd
    Info (12022): Found design unit 1: register_file-arc File: C:/FPGA/risc-v/register_file.vhd Line: 20
    Info (12023): Found entity 1: register_file File: C:/FPGA/risc-v/register_file.vhd Line: 8
Info (12021): Found 2 design units, including 1 entities, in source file /fpga/risc-v/pc_unit.vhd
    Info (12022): Found design unit 1: pc_unit-arc File: C:/FPGA/risc-v/pc_unit.vhd Line: 18
    Info (12023): Found entity 1: pc_unit File: C:/FPGA/risc-v/pc_unit.vhd Line: 7
Info (12021): Found 2 design units, including 1 entities, in source file /fpga/risc-v/mux8_1.vhd
    Info (12022): Found design unit 1: mux8_1-arc File: C:/FPGA/risc-v/mux8_1.vhd Line: 13
    Info (12023): Found entity 1: mux8_1 File: C:/FPGA/risc-v/mux8_1.vhd Line: 5
Info (12021): Found 2 design units, including 1 entities, in source file /fpga/risc-v/mem_bus_ctrl.vhd
    Info (12022): Found design unit 1: mem_bus_ctrl-arc File: C:/FPGA/risc-v/mem_bus_ctrl.vhd Line: 25
    Info (12023): Found entity 1: mem_bus_ctrl File: C:/FPGA/risc-v/mem_bus_ctrl.vhd Line: 8
Info (12021): Found 2 design units, including 1 entities, in source file /fpga/risc-v/dmem_32.vhd
    Info (12022): Found design unit 1: dmem_32-arc File: C:/FPGA/risc-v/dmem_32.vhd Line: 23
    Info (12023): Found entity 1: dmem_32 File: C:/FPGA/risc-v/dmem_32.vhd Line: 10
Info (12021): Found 2 design units, including 1 entities, in source file /fpga/risc-v/control_unit.vhd
    Info (12022): Found design unit 1: control_unit-arc File: C:/FPGA/risc-v/control_unit.vhd Line: 23
    Info (12023): Found entity 1: control_unit File: C:/FPGA/risc-v/control_unit.vhd Line: 9
Info (12021): Found 2 design units, including 1 entities, in source file /fpga/risc-v/alu.vhd
    Info (12022): Found design unit 1: alu-arc File: C:/FPGA/risc-v/alu.vhd Line: 16
    Info (12023): Found entity 1: alu File: C:/FPGA/risc-v/alu.vhd Line: 7
Info (12021): Found 2 design units, including 0 entities, in source file /fpga/risc-v/rv32_pkg.vhd
    Info (12022): Found design unit 1: rv32_pkg File: C:/FPGA/risc-v/rv32_pkg.vhd Line: 7
    Info (12022): Found design unit 2: rv32_pkg-body File: C:/FPGA/risc-v/rv32_pkg.vhd Line: 286
Info (12021): Found 2 design units, including 1 entities, in source file rwb_unit.vhd
    Info (12022): Found design unit 1: rwb_unit-arc File: C:/FPGA/risc-v/pipelined/rwb_unit.vhd Line: 21
    Info (12023): Found entity 1: rwb_unit File: C:/FPGA/risc-v/pipelined/rwb_unit.vhd Line: 9
Info (12021): Found 2 design units, including 1 entities, in source file p_control_unit.vhd
    Info (12022): Found design unit 1: p_control_unit-arc File: C:/FPGA/risc-v/pipelined/p_control_unit.vhd Line: 20
    Info (12023): Found entity 1: p_control_unit File: C:/FPGA/risc-v/pipelined/p_control_unit.vhd Line: 9
Info (12021): Found 2 design units, including 1 entities, in source file mem_unit.vhd
    Info (12022): Found design unit 1: mem_unit-arc File: C:/FPGA/risc-v/pipelined/mem_unit.vhd Line: 20
    Info (12023): Found entity 1: mem_unit File: C:/FPGA/risc-v/pipelined/mem_unit.vhd Line: 9
Info (12021): Found 2 design units, including 1 entities, in source file immediate_generation.vhd
    Info (12022): Found design unit 1: immediate_generation-arc File: C:/FPGA/risc-v/pipelined/immediate_generation.vhd Line: 16
    Info (12023): Found entity 1: immediate_generation File: C:/FPGA/risc-v/pipelined/immediate_generation.vhd Line: 9
Info (12021): Found 2 design units, including 1 entities, in source file fetch_unit.vhd
    Info (12022): Found design unit 1: fetch_unit-arc File: C:/FPGA/risc-v/pipelined/fetch_unit.vhd Line: 23
    Info (12023): Found entity 1: fetch_unit File: C:/FPGA/risc-v/pipelined/fetch_unit.vhd Line: 9
Info (12021): Found 2 design units, including 1 entities, in source file exec_unit.vhd
    Info (12022): Found design unit 1: exec_unit-arc File: C:/FPGA/risc-v/pipelined/exec_unit.vhd Line: 20
    Info (12023): Found entity 1: exec_unit File: C:/FPGA/risc-v/pipelined/exec_unit.vhd Line: 9
Info (12021): Found 2 design units, including 1 entities, in source file decode_unit.vhd
    Info (12022): Found design unit 1: decode_unit-arc File: C:/FPGA/risc-v/pipelined/decode_unit.vhd Line: 21
    Info (12023): Found entity 1: decode_unit File: C:/FPGA/risc-v/pipelined/decode_unit.vhd Line: 9
Info (12021): Found 2 design units, including 1 entities, in source file cpu_core.vhd
    Info (12022): Found design unit 1: cpu_core-arc File: C:/FPGA/risc-v/pipelined/cpu_core.vhd Line: 19
    Info (12023): Found entity 1: cpu_core File: C:/FPGA/risc-v/pipelined/cpu_core.vhd Line: 9
Info (12127): Elaborating entity "cpu_core" for the top level hierarchy
Warning (10036): Verilog HDL or VHDL warning at cpu_core.vhd(81): object "IF_ID_ctrl" assigned a value but never read File: C:/FPGA/risc-v/pipelined/cpu_core.vhd Line: 81
Info (12128): Elaborating entity "fetch_unit" for hierarchy "fetch_unit:fetch_unit_inst" File: C:/FPGA/risc-v/pipelined/cpu_core.vhd Line: 98
Warning (10541): VHDL Signal Declaration warning at fetch_unit.vhd(13): used implicit default value for signal "imem_addr" because signal was never assigned a value or an explicit default value. Use of implicit default value may introduce unintended design optimizations. File: C:/FPGA/risc-v/pipelined/fetch_unit.vhd Line: 13
Info (12128): Elaborating entity "mux8_1" for hierarchy "fetch_unit:fetch_unit_inst|mux8_1:branch_mux" File: C:/FPGA/risc-v/pipelined/fetch_unit.vhd Line: 59
Info (12128): Elaborating entity "pc_unit" for hierarchy "fetch_unit:fetch_unit_inst|pc_unit:pc_unit_inst" File: C:/FPGA/risc-v/pipelined/fetch_unit.vhd Line: 76
Info (12128): Elaborating entity "decode_unit" for hierarchy "decode_unit:decode_unit_inst" File: C:/FPGA/risc-v/pipelined/cpu_core.vhd Line: 113
Info (12128): Elaborating entity "p_control_unit" for hierarchy "decode_unit:decode_unit_inst|p_control_unit:p_control_unit_inst" File: C:/FPGA/risc-v/pipelined/decode_unit.vhd Line: 79
Info (12128): Elaborating entity "immediate_generation" for hierarchy "decode_unit:decode_unit_inst|immediate_generation:imm_gen" File: C:/FPGA/risc-v/pipelined/decode_unit.vhd Line: 93
Info (12128): Elaborating entity "register_file" for hierarchy "decode_unit:decode_unit_inst|register_file:rf_inst" File: C:/FPGA/risc-v/pipelined/decode_unit.vhd Line: 103
Info (12128): Elaborating entity "exec_unit" for hierarchy "exec_unit:exec_unit_inst" File: C:/FPGA/risc-v/pipelined/cpu_core.vhd Line: 126
Info (12128): Elaborating entity "alu" for hierarchy "exec_unit:exec_unit_inst|alu:alu_inst" File: C:/FPGA/risc-v/pipelined/exec_unit.vhd Line: 81
Info (12128): Elaborating entity "mem_unit" for hierarchy "mem_unit:mem_unit_inst" File: C:/FPGA/risc-v/pipelined/cpu_core.vhd Line: 139
Info (12128): Elaborating entity "mem_bus_ctrl" for hierarchy "mem_unit:mem_unit_inst|mem_bus_ctrl:mem_bus_ctrl_inst" File: C:/FPGA/risc-v/pipelined/mem_unit.vhd Line: 67
Info (12128): Elaborating entity "dmem_32" for hierarchy "mem_unit:mem_unit_inst|dmem_32:dmem" File: C:/FPGA/risc-v/pipelined/mem_unit.vhd Line: 85
Info (12128): Elaborating entity "rwb_unit" for hierarchy "rwb_unit:rwb_unit_inst" File: C:/FPGA/risc-v/pipelined/cpu_core.vhd Line: 151
Warning (10541): VHDL Signal Declaration warning at rwb_unit.vhd(15): used implicit default value for signal "RWB_IF_data_o" because signal was never assigned a value or an explicit default value. Use of implicit default value may introduce unintended design optimizations. File: C:/FPGA/risc-v/pipelined/rwb_unit.vhd Line: 15
Warning (13024): Output pins are stuck at VCC or GND
    Warning (13410): Pin "imem_read" is stuck at VCC File: C:/FPGA/risc-v/pipelined/cpu_core.vhd Line: 12
    Warning (13410): Pin "imem_addr[0]" is stuck at GND File: C:/FPGA/risc-v/pipelined/cpu_core.vhd Line: 13
    Warning (13410): Pin "imem_addr[1]" is stuck at GND File: C:/FPGA/risc-v/pipelined/cpu_core.vhd Line: 13
    Warning (13410): Pin "imem_addr[2]" is stuck at GND File: C:/FPGA/risc-v/pipelined/cpu_core.vhd Line: 13
    Warning (13410): Pin "imem_addr[3]" is stuck at GND File: C:/FPGA/risc-v/pipelined/cpu_core.vhd Line: 13
    Warning (13410): Pin "imem_addr[4]" is stuck at GND File: C:/FPGA/risc-v/pipelined/cpu_core.vhd Line: 13
    Warning (13410): Pin "imem_addr[5]" is stuck at GND File: C:/FPGA/risc-v/pipelined/cpu_core.vhd Line: 13
    Warning (13410): Pin "imem_addr[6]" is stuck at GND File: C:/FPGA/risc-v/pipelined/cpu_core.vhd Line: 13
    Warning (13410): Pin "imem_addr[7]" is stuck at GND File: C:/FPGA/risc-v/pipelined/cpu_core.vhd Line: 13
    Warning (13410): Pin "imem_addr[8]" is stuck at GND File: C:/FPGA/risc-v/pipelined/cpu_core.vhd Line: 13
    Warning (13410): Pin "imem_addr[9]" is stuck at GND File: C:/FPGA/risc-v/pipelined/cpu_core.vhd Line: 13
    Warning (13410): Pin "imem_addr[10]" is stuck at GND File: C:/FPGA/risc-v/pipelined/cpu_core.vhd Line: 13
    Warning (13410): Pin "imem_addr[11]" is stuck at GND File: C:/FPGA/risc-v/pipelined/cpu_core.vhd Line: 13
    Warning (13410): Pin "imem_addr[12]" is stuck at GND File: C:/FPGA/risc-v/pipelined/cpu_core.vhd Line: 13
    Warning (13410): Pin "imem_addr[13]" is stuck at GND File: C:/FPGA/risc-v/pipelined/cpu_core.vhd Line: 13
    Warning (13410): Pin "imem_addr[14]" is stuck at GND File: C:/FPGA/risc-v/pipelined/cpu_core.vhd Line: 13
    Warning (13410): Pin "imem_addr[15]" is stuck at GND File: C:/FPGA/risc-v/pipelined/cpu_core.vhd Line: 13
    Warning (13410): Pin "imem_addr[16]" is stuck at GND File: C:/FPGA/risc-v/pipelined/cpu_core.vhd Line: 13
    Warning (13410): Pin "imem_addr[17]" is stuck at GND File: C:/FPGA/risc-v/pipelined/cpu_core.vhd Line: 13
    Warning (13410): Pin "imem_addr[18]" is stuck at GND File: C:/FPGA/risc-v/pipelined/cpu_core.vhd Line: 13
    Warning (13410): Pin "imem_addr[19]" is stuck at GND File: C:/FPGA/risc-v/pipelined/cpu_core.vhd Line: 13
    Warning (13410): Pin "imem_addr[20]" is stuck at GND File: C:/FPGA/risc-v/pipelined/cpu_core.vhd Line: 13
    Warning (13410): Pin "imem_addr[21]" is stuck at GND File: C:/FPGA/risc-v/pipelined/cpu_core.vhd Line: 13
    Warning (13410): Pin "imem_addr[22]" is stuck at GND File: C:/FPGA/risc-v/pipelined/cpu_core.vhd Line: 13
    Warning (13410): Pin "imem_addr[23]" is stuck at GND File: C:/FPGA/risc-v/pipelined/cpu_core.vhd Line: 13
    Warning (13410): Pin "imem_addr[24]" is stuck at GND File: C:/FPGA/risc-v/pipelined/cpu_core.vhd Line: 13
    Warning (13410): Pin "imem_addr[25]" is stuck at GND File: C:/FPGA/risc-v/pipelined/cpu_core.vhd Line: 13
    Warning (13410): Pin "imem_addr[26]" is stuck at GND File: C:/FPGA/risc-v/pipelined/cpu_core.vhd Line: 13
    Warning (13410): Pin "imem_addr[27]" is stuck at GND File: C:/FPGA/risc-v/pipelined/cpu_core.vhd Line: 13
    Warning (13410): Pin "imem_addr[28]" is stuck at GND File: C:/FPGA/risc-v/pipelined/cpu_core.vhd Line: 13
    Warning (13410): Pin "imem_addr[29]" is stuck at GND File: C:/FPGA/risc-v/pipelined/cpu_core.vhd Line: 13
    Warning (13410): Pin "imem_addr[30]" is stuck at GND File: C:/FPGA/risc-v/pipelined/cpu_core.vhd Line: 13
    Warning (13410): Pin "imem_addr[31]" is stuck at GND File: C:/FPGA/risc-v/pipelined/cpu_core.vhd Line: 13
Info (16010): Generating hard_block partition "hard_block:auto_generated_inst"
    Info (16011): Adding 0 node(s), including 0 DDIO, 0 PLL, 0 transceiver and 0 LCELL
Warning (21074): Design contains 34 input pin(s) that do not drive logic
    Warning (15610): No output dependent on input pin "clk" File: C:/FPGA/risc-v/pipelined/cpu_core.vhd Line: 10
    Warning (15610): No output dependent on input pin "reset" File: C:/FPGA/risc-v/pipelined/cpu_core.vhd Line: 10
    Warning (15610): No output dependent on input pin "instruction[0]" File: C:/FPGA/risc-v/pipelined/cpu_core.vhd Line: 11
    Warning (15610): No output dependent on input pin "instruction[1]" File: C:/FPGA/risc-v/pipelined/cpu_core.vhd Line: 11
    Warning (15610): No output dependent on input pin "instruction[2]" File: C:/FPGA/risc-v/pipelined/cpu_core.vhd Line: 11
    Warning (15610): No output dependent on input pin "instruction[3]" File: C:/FPGA/risc-v/pipelined/cpu_core.vhd Line: 11
    Warning (15610): No output dependent on input pin "instruction[4]" File: C:/FPGA/risc-v/pipelined/cpu_core.vhd Line: 11
    Warning (15610): No output dependent on input pin "instruction[5]" File: C:/FPGA/risc-v/pipelined/cpu_core.vhd Line: 11
    Warning (15610): No output dependent on input pin "instruction[6]" File: C:/FPGA/risc-v/pipelined/cpu_core.vhd Line: 11
    Warning (15610): No output dependent on input pin "instruction[7]" File: C:/FPGA/risc-v/pipelined/cpu_core.vhd Line: 11
    Warning (15610): No output dependent on input pin "instruction[8]" File: C:/FPGA/risc-v/pipelined/cpu_core.vhd Line: 11
    Warning (15610): No output dependent on input pin "instruction[9]" File: C:/FPGA/risc-v/pipelined/cpu_core.vhd Line: 11
    Warning (15610): No output dependent on input pin "instruction[10]" File: C:/FPGA/risc-v/pipelined/cpu_core.vhd Line: 11
    Warning (15610): No output dependent on input pin "instruction[11]" File: C:/FPGA/risc-v/pipelined/cpu_core.vhd Line: 11
    Warning (15610): No output dependent on input pin "instruction[12]" File: C:/FPGA/risc-v/pipelined/cpu_core.vhd Line: 11
    Warning (15610): No output dependent on input pin "instruction[13]" File: C:/FPGA/risc-v/pipelined/cpu_core.vhd Line: 11
    Warning (15610): No output dependent on input pin "instruction[14]" File: C:/FPGA/risc-v/pipelined/cpu_core.vhd Line: 11
    Warning (15610): No output dependent on input pin "instruction[15]" File: C:/FPGA/risc-v/pipelined/cpu_core.vhd Line: 11
    Warning (15610): No output dependent on input pin "instruction[16]" File: C:/FPGA/risc-v/pipelined/cpu_core.vhd Line: 11
    Warning (15610): No output dependent on input pin "instruction[17]" File: C:/FPGA/risc-v/pipelined/cpu_core.vhd Line: 11
    Warning (15610): No output dependent on input pin "instruction[18]" File: C:/FPGA/risc-v/pipelined/cpu_core.vhd Line: 11
    Warning (15610): No output dependent on input pin "instruction[19]" File: C:/FPGA/risc-v/pipelined/cpu_core.vhd Line: 11
    Warning (15610): No output dependent on input pin "instruction[20]" File: C:/FPGA/risc-v/pipelined/cpu_core.vhd Line: 11
    Warning (15610): No output dependent on input pin "instruction[21]" File: C:/FPGA/risc-v/pipelined/cpu_core.vhd Line: 11
    Warning (15610): No output dependent on input pin "instruction[22]" File: C:/FPGA/risc-v/pipelined/cpu_core.vhd Line: 11
    Warning (15610): No output dependent on input pin "instruction[23]" File: C:/FPGA/risc-v/pipelined/cpu_core.vhd Line: 11
    Warning (15610): No output dependent on input pin "instruction[24]" File: C:/FPGA/risc-v/pipelined/cpu_core.vhd Line: 11
    Warning (15610): No output dependent on input pin "instruction[25]" File: C:/FPGA/risc-v/pipelined/cpu_core.vhd Line: 11
    Warning (15610): No output dependent on input pin "instruction[26]" File: C:/FPGA/risc-v/pipelined/cpu_core.vhd Line: 11
    Warning (15610): No output dependent on input pin "instruction[27]" File: C:/FPGA/risc-v/pipelined/cpu_core.vhd Line: 11
    Warning (15610): No output dependent on input pin "instruction[28]" File: C:/FPGA/risc-v/pipelined/cpu_core.vhd Line: 11
    Warning (15610): No output dependent on input pin "instruction[29]" File: C:/FPGA/risc-v/pipelined/cpu_core.vhd Line: 11
    Warning (15610): No output dependent on input pin "instruction[30]" File: C:/FPGA/risc-v/pipelined/cpu_core.vhd Line: 11
    Warning (15610): No output dependent on input pin "instruction[31]" File: C:/FPGA/risc-v/pipelined/cpu_core.vhd Line: 11
Info (21057): Implemented 67 device resources after synthesis - the final resource count might be different
    Info (21058): Implemented 34 input pins
    Info (21059): Implemented 33 output pins
Info: Quartus Prime Analysis & Synthesis was successful. 0 errors, 73 warnings
    Info: Peak virtual memory: 4872 megabytes
    Info: Processing ended: Sat May 20 07:36:49 2023
    Info: Elapsed time: 00:00:21
    Info: Total CPU time (on all processors): 00:00:40


