Analysis & Synthesis report for cpu_core
Thu May 04 09:19:11 2023
Quartus Prime Version 18.1.0 Build 625 09/12/2018 SJ Standard Edition


---------------------
; Table of Contents ;
---------------------
  1. Legal Notice
  2. Analysis & Synthesis Summary
  3. Analysis & Synthesis Settings
  4. Parallel Compilation
  5. Analysis & Synthesis Source Files Read
  6. Analysis & Synthesis Resource Usage Summary
  7. Analysis & Synthesis Resource Utilization by Entity
  8. State Machine - |cpu_core|control_unit:control_unit_inst|pr_state
  9. Registers Removed During Synthesis
 10. Removed Registers Triggering Further Register Optimizations
 11. General Register Statistics
 12. Multiplexer Restructuring Statistics (Restructuring Performed)
 13. Port Connectivity Checks: "mux8_1:branch_mux"
 14. Port Connectivity Checks: "control_unit:control_unit_inst"
 15. Post-Synthesis Netlist Statistics for Top Partition
 16. Elapsed Time Per Partition
 17. Analysis & Synthesis Messages



----------------
; Legal Notice ;
----------------
Copyright (C) 2018  Intel Corporation. All rights reserved.
Your use of Intel Corporation's design tools, logic functions 
and other software and tools, and its AMPP partner logic 
functions, and any output files from any of the foregoing 
(including device programming or simulation files), and any 
associated documentation or information are expressly subject 
to the terms and conditions of the Intel Program License 
Subscription Agreement, the Intel Quartus Prime License Agreement,
the Intel FPGA IP License Agreement, or other applicable license
agreement, including, without limitation, that your use is for
the sole purpose of programming logic devices manufactured by
Intel and sold by Intel or its authorized distributors.  Please
refer to the applicable agreement for further details.



+-----------------------------------------------------------------------------------+
; Analysis & Synthesis Summary                                                      ;
+---------------------------------+-------------------------------------------------+
; Analysis & Synthesis Status     ; Successful - Thu May 04 09:19:11 2023           ;
; Quartus Prime Version           ; 18.1.0 Build 625 09/12/2018 SJ Standard Edition ;
; Revision Name                   ; cpu_core                                        ;
; Top-level Entity Name           ; cpu_core                                        ;
; Family                          ; Cyclone V                                       ;
; Logic utilization (in ALMs)     ; N/A                                             ;
; Total registers                 ; 1061                                            ;
; Total pins                      ; 133                                             ;
; Total virtual pins              ; 0                                               ;
; Total block memory bits         ; 0                                               ;
; Total DSP Blocks                ; 0                                               ;
; Total HSSI RX PCSs              ; 0                                               ;
; Total HSSI PMA RX Deserializers ; 0                                               ;
; Total HSSI TX PCSs              ; 0                                               ;
; Total HSSI PMA TX Serializers   ; 0                                               ;
; Total PLLs                      ; 0                                               ;
; Total DLLs                      ; 0                                               ;
+---------------------------------+-------------------------------------------------+


+---------------------------------------------------------------------------------------------------------------------------+
; Analysis & Synthesis Settings                                                                                             ;
+---------------------------------------------------------------------------------+--------------------+--------------------+
; Option                                                                          ; Setting            ; Default Value      ;
+---------------------------------------------------------------------------------+--------------------+--------------------+
; Device                                                                          ; 5CSEMA5F31C6       ;                    ;
; Top-level entity name                                                           ; cpu_core           ; cpu_core           ;
; Family name                                                                     ; Cyclone V          ; Cyclone V          ;
; Timing-Driven Synthesis                                                         ; Off                ; On                 ;
; Use smart compilation                                                           ; Off                ; Off                ;
; Enable parallel Assembler and Timing Analyzer during compilation                ; On                 ; On                 ;
; Enable compact report table                                                     ; Off                ; Off                ;
; Restructure Multiplexers                                                        ; Auto               ; Auto               ;
; MLAB Add Timing Constraints For Mixed-Port Feed-Through Mode Setting Don't Care ; Off                ; Off                ;
; Create Debugging Nodes for IP Cores                                             ; Off                ; Off                ;
; Preserve fewer node names                                                       ; On                 ; On                 ;
; Intel FPGA IP Evaluation Mode                                                   ; Enable             ; Enable             ;
; Verilog Version                                                                 ; Verilog_2001       ; Verilog_2001       ;
; VHDL Version                                                                    ; VHDL_1993          ; VHDL_1993          ;
; State Machine Processing                                                        ; Auto               ; Auto               ;
; Safe State Machine                                                              ; Off                ; Off                ;
; Extract Verilog State Machines                                                  ; On                 ; On                 ;
; Extract VHDL State Machines                                                     ; On                 ; On                 ;
; Ignore Verilog initial constructs                                               ; Off                ; Off                ;
; Iteration limit for constant Verilog loops                                      ; 5000               ; 5000               ;
; Iteration limit for non-constant Verilog loops                                  ; 250                ; 250                ;
; Add Pass-Through Logic to Inferred RAMs                                         ; On                 ; On                 ;
; Infer RAMs from Raw Logic                                                       ; On                 ; On                 ;
; Parallel Synthesis                                                              ; On                 ; On                 ;
; DSP Block Balancing                                                             ; Auto               ; Auto               ;
; NOT Gate Push-Back                                                              ; On                 ; On                 ;
; Power-Up Don't Care                                                             ; On                 ; On                 ;
; Remove Redundant Logic Cells                                                    ; Off                ; Off                ;
; Remove Duplicate Registers                                                      ; On                 ; On                 ;
; Ignore CARRY Buffers                                                            ; Off                ; Off                ;
; Ignore CASCADE Buffers                                                          ; Off                ; Off                ;
; Ignore GLOBAL Buffers                                                           ; Off                ; Off                ;
; Ignore ROW GLOBAL Buffers                                                       ; Off                ; Off                ;
; Ignore LCELL Buffers                                                            ; Off                ; Off                ;
; Ignore SOFT Buffers                                                             ; On                 ; On                 ;
; Limit AHDL Integers to 32 Bits                                                  ; Off                ; Off                ;
; Optimization Technique                                                          ; Balanced           ; Balanced           ;
; Carry Chain Length                                                              ; 70                 ; 70                 ;
; Auto Carry Chains                                                               ; On                 ; On                 ;
; Auto Open-Drain Pins                                                            ; On                 ; On                 ;
; Perform WYSIWYG Primitive Resynthesis                                           ; Off                ; Off                ;
; Auto ROM Replacement                                                            ; On                 ; On                 ;
; Auto RAM Replacement                                                            ; On                 ; On                 ;
; Auto DSP Block Replacement                                                      ; On                 ; On                 ;
; Auto Shift Register Replacement                                                 ; Auto               ; Auto               ;
; Allow Shift Register Merging across Hierarchies                                 ; Auto               ; Auto               ;
; Auto Clock Enable Replacement                                                   ; On                 ; On                 ;
; Strict RAM Replacement                                                          ; Off                ; Off                ;
; Allow Synchronous Control Signals                                               ; On                 ; On                 ;
; Force Use of Synchronous Clear Signals                                          ; Off                ; Off                ;
; Auto Resource Sharing                                                           ; Off                ; Off                ;
; Allow Any RAM Size For Recognition                                              ; Off                ; Off                ;
; Allow Any ROM Size For Recognition                                              ; Off                ; Off                ;
; Allow Any Shift Register Size For Recognition                                   ; Off                ; Off                ;
; Use LogicLock Constraints during Resource Balancing                             ; On                 ; On                 ;
; Ignore translate_off and synthesis_off directives                               ; Off                ; Off                ;
; Report Parameter Settings                                                       ; On                 ; On                 ;
; Report Source Assignments                                                       ; On                 ; On                 ;
; Report Connectivity Checks                                                      ; On                 ; On                 ;
; Ignore Maximum Fan-Out Assignments                                              ; Off                ; Off                ;
; Synchronization Register Chain Length                                           ; 3                  ; 3                  ;
; Power Optimization During Synthesis                                             ; Normal compilation ; Normal compilation ;
; HDL message level                                                               ; Level2             ; Level2             ;
; Suppress Register Optimization Related Messages                                 ; Off                ; Off                ;
; Number of Removed Registers Reported in Synthesis Report                        ; 5000               ; 5000               ;
; Number of Swept Nodes Reported in Synthesis Report                              ; 5000               ; 5000               ;
; Number of Inverted Registers Reported in Synthesis Report                       ; 100                ; 100                ;
; Clock MUX Protection                                                            ; On                 ; On                 ;
; Auto Gated Clock Conversion                                                     ; Off                ; Off                ;
; Block Design Naming                                                             ; Auto               ; Auto               ;
; SDC constraint protection                                                       ; Off                ; Off                ;
; Synthesis Effort                                                                ; Auto               ; Auto               ;
; Shift Register Replacement - Allow Asynchronous Clear Signal                    ; On                 ; On                 ;
; Pre-Mapping Resynthesis Optimization                                            ; Off                ; Off                ;
; Analysis & Synthesis Message Level                                              ; Medium             ; Medium             ;
; Disable Register Merging Across Hierarchies                                     ; Auto               ; Auto               ;
; Resource Aware Inference For Block RAM                                          ; On                 ; On                 ;
; Automatic Parallel Synthesis                                                    ; On                 ; On                 ;
; Partial Reconfiguration Bitstream ID                                            ; Off                ; Off                ;
+---------------------------------------------------------------------------------+--------------------+--------------------+


+------------------------------------------+
; Parallel Compilation                     ;
+----------------------------+-------------+
; Processors                 ; Number      ;
+----------------------------+-------------+
; Number detected on machine ; 4           ;
; Maximum allowed            ; 2           ;
;                            ;             ;
; Average used               ; 1.00        ;
; Maximum used               ; 1           ;
;                            ;             ;
; Usage by Processor         ; % Time Used ;
;     Processor 1            ; 100.0%      ;
+----------------------------+-------------+


+-------------------------------------------------------------------------------------------------------------------------+
; Analysis & Synthesis Source Files Read                                                                                  ;
+----------------------------------+-----------------+-----------------------+----------------------------------+---------+
; File Name with User-Entered Path ; Used in Netlist ; File Type             ; File Name with Absolute Path     ; Library ;
+----------------------------------+-----------------+-----------------------+----------------------------------+---------+
; rv32_pkg.vhd                     ; yes             ; User VHDL File        ; C:/FPGA/risc-v/rv32_pkg.vhd      ;         ;
; cpu_core.vhd                     ; yes             ; User VHDL File        ; C:/FPGA/risc-v/cpu_core.vhd      ;         ;
; mux8_1.vhd                       ; yes             ; User VHDL File        ; C:/FPGA/risc-v/mux8_1.vhd        ;         ;
; control_unit.vhd                 ; yes             ; Auto-Found VHDL File  ; C:/FPGA/risc-v/control_unit.vhd  ;         ;
; pc_unit.vhd                      ; yes             ; Auto-Found VHDL File  ; C:/FPGA/risc-v/pc_unit.vhd       ;         ;
; alu.vhd                          ; yes             ; Auto-Found VHDL File  ; C:/FPGA/risc-v/alu.vhd           ;         ;
; register_file.vhd                ; yes             ; Auto-Found VHDL File  ; C:/FPGA/risc-v/register_file.vhd ;         ;
; mem_bus_ctrl.vhd                 ; yes             ; Auto-Found VHDL File  ; C:/FPGA/risc-v/mem_bus_ctrl.vhd  ;         ;
; dmem_32.vhd                      ; yes             ; Auto-Found VHDL File  ; C:/FPGA/risc-v/dmem_32.vhd       ;         ;
+----------------------------------+-----------------+-----------------------+----------------------------------+---------+


+---------------------------------------------------------+
; Analysis & Synthesis Resource Usage Summary             ;
+---------------------------------------------+-----------+
; Resource                                    ; Usage     ;
+---------------------------------------------+-----------+
; Estimate of Logic utilization (ALMs needed) ; 1396      ;
;                                             ;           ;
; Combinational ALUT usage for logic          ; 1596      ;
;     -- 7 input functions                    ; 22        ;
;     -- 6 input functions                    ; 1038      ;
;     -- 5 input functions                    ; 219       ;
;     -- 4 input functions                    ; 116       ;
;     -- <=3 input functions                  ; 201       ;
;                                             ;           ;
; Dedicated logic registers                   ; 1061      ;
;                                             ;           ;
; I/O pins                                    ; 133       ;
;                                             ;           ;
; Total DSP Blocks                            ; 0         ;
;                                             ;           ;
; Maximum fan-out node                        ; clk~input ;
; Maximum fan-out                             ; 1061      ;
; Total fan-out                               ; 13850     ;
; Average fan-out                             ; 4.74      ;
+---------------------------------------------+-----------+


+------------------------------------------------------------------------------------------------------------------------------------------------------------------------------------------------------------------------+
; Analysis & Synthesis Resource Utilization by Entity                                                                                                                                                                    ;
+-------------------------------------+---------------------+---------------------------+-------------------+------------+------+--------------+------------------------------------------+---------------+--------------+
; Compilation Hierarchy Node          ; Combinational ALUTs ; Dedicated Logic Registers ; Block Memory Bits ; DSP Blocks ; Pins ; Virtual Pins ; Full Hierarchy Name                      ; Entity Name   ; Library Name ;
+-------------------------------------+---------------------+---------------------------+-------------------+------------+------+--------------+------------------------------------------+---------------+--------------+
; |cpu_core                           ; 1596 (798)          ; 1061 (0)                  ; 0                 ; 0          ; 133  ; 0            ; |cpu_core                                ; cpu_core      ; work         ;
;    |alu:alu_inst|                   ; 480 (480)           ; 0 (0)                     ; 0                 ; 0          ; 0    ; 0            ; |cpu_core|alu:alu_inst                   ; alu           ; work         ;
;    |control_unit:control_unit_inst| ; 164 (164)           ; 5 (5)                     ; 0                 ; 0          ; 0    ; 0            ; |cpu_core|control_unit:control_unit_inst ; control_unit  ; work         ;
;    |mux8_1:branch_mux|              ; 7 (7)               ; 0 (0)                     ; 0                 ; 0          ; 0    ; 0            ; |cpu_core|mux8_1:branch_mux              ; mux8_1        ; work         ;
;    |pc_unit:pc_unit_inst|           ; 96 (96)             ; 64 (64)                   ; 0                 ; 0          ; 0    ; 0            ; |cpu_core|pc_unit:pc_unit_inst           ; pc_unit       ; work         ;
;    |register_file:rf_inst|          ; 51 (51)             ; 992 (992)                 ; 0                 ; 0          ; 0    ; 0            ; |cpu_core|register_file:rf_inst          ; register_file ; work         ;
+-------------------------------------+---------------------+---------------------------+-------------------+------------+------+--------------+------------------------------------------+---------------+--------------+
Note: For table entries with two numbers listed, the numbers in parentheses indicate the number of resources of the given type used by the specific entity alone. The numbers listed outside of parentheses indicate the total resources of the given type used by the specific entity and all of its sub-entities in the hierarchy.


Encoding Type:  One-Hot
+-----------------------------------------------------------------------------------------------------------------------+
; State Machine - |cpu_core|control_unit:control_unit_inst|pr_state                                                     ;
+------------------+--------------+--------------+------------------+-----------------+-----------------+---------------+
; Name             ; pr_state.RWB ; pr_state.Mem ; pr_state.execute ; pr_state.decode ; pr_state.fetch1 ; pr_state.idle ;
+------------------+--------------+--------------+------------------+-----------------+-----------------+---------------+
; pr_state.idle    ; 0            ; 0            ; 0                ; 0               ; 0               ; 0             ;
; pr_state.fetch1  ; 0            ; 0            ; 0                ; 0               ; 1               ; 1             ;
; pr_state.decode  ; 0            ; 0            ; 0                ; 1               ; 0               ; 1             ;
; pr_state.execute ; 0            ; 0            ; 1                ; 0               ; 0               ; 1             ;
; pr_state.Mem     ; 0            ; 1            ; 0                ; 0               ; 0               ; 1             ;
; pr_state.RWB     ; 1            ; 0            ; 0                ; 0               ; 0               ; 1             ;
+------------------+--------------+--------------+------------------+-----------------+-----------------+---------------+


+-----------------------------------------------------------------------------------------------+
; Registers Removed During Synthesis                                                            ;
+-------------------------------------------------+---------------------------------------------+
; Register name                                   ; Reason for Removal                          ;
+-------------------------------------------------+---------------------------------------------+
; mem_bus_ctrl:mem_bus_ctrl_inst|dmem_wr_o[0..31] ; Lost fanout                                 ;
; mem_bus_ctrl:mem_bus_ctrl_inst|cpu_db_o[0..31]  ; Stuck at GND due to stuck port clock_enable ;
; dmem_32:dmem|rd_data[0..7,15]                   ; Lost fanout                                 ;
; control_unit:control_unit_inst|pr_state.decode  ; Stuck at GND due to stuck port data_in      ;
; Total Number of Removed Registers = 74          ;                                             ;
+-------------------------------------------------+---------------------------------------------+


+-----------------------------------------------------------------------------------------------------------------------+
; Removed Registers Triggering Further Register Optimizations                                                           ;
+---------------------------------------------+--------------------------------+----------------------------------------+
; Register name                               ; Reason for Removal             ; Registers Removed due to This Register ;
+---------------------------------------------+--------------------------------+----------------------------------------+
; mem_bus_ctrl:mem_bus_ctrl_inst|cpu_db_o[5]  ; Stuck at GND                   ; dmem_32:dmem|rd_data[5]                ;
;                                             ; due to stuck port clock_enable ;                                        ;
; mem_bus_ctrl:mem_bus_ctrl_inst|cpu_db_o[4]  ; Stuck at GND                   ; dmem_32:dmem|rd_data[4]                ;
;                                             ; due to stuck port clock_enable ;                                        ;
; mem_bus_ctrl:mem_bus_ctrl_inst|cpu_db_o[3]  ; Stuck at GND                   ; dmem_32:dmem|rd_data[3]                ;
;                                             ; due to stuck port clock_enable ;                                        ;
; mem_bus_ctrl:mem_bus_ctrl_inst|cpu_db_o[2]  ; Stuck at GND                   ; dmem_32:dmem|rd_data[2]                ;
;                                             ; due to stuck port clock_enable ;                                        ;
; mem_bus_ctrl:mem_bus_ctrl_inst|cpu_db_o[1]  ; Stuck at GND                   ; dmem_32:dmem|rd_data[1]                ;
;                                             ; due to stuck port clock_enable ;                                        ;
; mem_bus_ctrl:mem_bus_ctrl_inst|cpu_db_o[0]  ; Stuck at GND                   ; dmem_32:dmem|rd_data[0]                ;
;                                             ; due to stuck port clock_enable ;                                        ;
; mem_bus_ctrl:mem_bus_ctrl_inst|cpu_db_o[6]  ; Stuck at GND                   ; dmem_32:dmem|rd_data[6]                ;
;                                             ; due to stuck port clock_enable ;                                        ;
; mem_bus_ctrl:mem_bus_ctrl_inst|cpu_db_o[7]  ; Stuck at GND                   ; dmem_32:dmem|rd_data[7]                ;
;                                             ; due to stuck port clock_enable ;                                        ;
; mem_bus_ctrl:mem_bus_ctrl_inst|cpu_db_o[16] ; Stuck at GND                   ; dmem_32:dmem|rd_data[15]               ;
;                                             ; due to stuck port clock_enable ;                                        ;
+---------------------------------------------+--------------------------------+----------------------------------------+


+------------------------------------------------------+
; General Register Statistics                          ;
+----------------------------------------------+-------+
; Statistic                                    ; Value ;
+----------------------------------------------+-------+
; Total registers                              ; 1061  ;
; Number of registers using Synchronous Clear  ; 992   ;
; Number of registers using Synchronous Load   ; 0     ;
; Number of registers using Asynchronous Clear ; 1061  ;
; Number of registers using Asynchronous Load  ; 0     ;
; Number of registers using Clock Enable       ; 1023  ;
; Number of registers using Preset             ; 0     ;
+----------------------------------------------+-------+


+------------------------------------------------------------------------------------------------------------------------------------------------------------------------------------+
; Multiplexer Restructuring Statistics (Restructuring Performed)                                                                                                                     ;
+--------------------+-----------+---------------+----------------------+------------------------+------------+----------------------------------------------------------------------+
; Multiplexer Inputs ; Bus Width ; Baseline Area ; Area if Restructured ; Saving if Restructured ; Registered ; Example Multiplexer Output                                           ;
+--------------------+-----------+---------------+----------------------+------------------------+------------+----------------------------------------------------------------------+
; 4:1                ; 31 bits   ; 62 LEs        ; 62 LEs               ; 0 LEs                  ; Yes        ; |cpu_core|pc_unit:pc_unit_inst|pc[12]                                ;
; 4:1                ; 2 bits    ; 4 LEs         ; 4 LEs                ; 0 LEs                  ; No         ; |cpu_core|control_unit:control_unit_inst|Mux36                       ;
; 3:1                ; 22 bits   ; 44 LEs        ; 44 LEs               ; 0 LEs                  ; No         ; |cpu_core|control_unit:control_unit_inst|Mux13                       ;
; 4:1                ; 11 bits   ; 22 LEs        ; 22 LEs               ; 0 LEs                  ; No         ; |cpu_core|alu:alu_inst|ShiftRight1                                   ;
; 4:1                ; 4 bits    ; 8 LEs         ; 8 LEs                ; 0 LEs                  ; No         ; |cpu_core|alu:alu_inst|ShiftLeft0                                    ;
; 4:1                ; 4 bits    ; 8 LEs         ; 8 LEs                ; 0 LEs                  ; No         ; |cpu_core|alu:alu_inst|ShiftLeft0                                    ;
; 4:1                ; 2 bits    ; 4 LEs         ; 4 LEs                ; 0 LEs                  ; No         ; |cpu_core|alu:alu_inst|ShiftRight0                                   ;
; 4:1                ; 48 bits   ; 96 LEs        ; 96 LEs               ; 0 LEs                  ; No         ; |cpu_core|alu:alu_inst|ShiftLeft0                                    ;
; 3:1                ; 2 bits    ; 4 LEs         ; 4 LEs                ; 0 LEs                  ; No         ; |cpu_core|control_unit:control_unit_inst|cpu_dbus_ctrl_o.bmux_sel[1] ;
; 4:1                ; 31 bits   ; 62 LEs        ; 62 LEs               ; 0 LEs                  ; No         ; |cpu_core|Mux77                                                      ;
; 8:1                ; 5 bits    ; 25 LEs        ; 20 LEs               ; 5 LEs                  ; No         ; |cpu_core|control_unit:control_unit_inst|rf_ctrl_o.rd[0]             ;
; 33:1               ; 32 bits   ; 704 LEs       ; 704 LEs              ; 0 LEs                  ; No         ; |cpu_core|Mux4                                                       ;
; 33:1               ; 20 bits   ; 440 LEs       ; 440 LEs              ; 0 LEs                  ; No         ; |cpu_core|Mux49                                                      ;
; 9:1                ; 6 bits    ; 36 LEs        ; 36 LEs               ; 0 LEs                  ; No         ; |cpu_core|control_unit:control_unit_inst|Selector45                  ;
; 12:1               ; 2 bits    ; 16 LEs        ; 12 LEs               ; 4 LEs                  ; No         ; |cpu_core|control_unit:control_unit_inst|Selector25                  ;
; 13:1               ; 3 bits    ; 24 LEs        ; 21 LEs               ; 3 LEs                  ; No         ; |cpu_core|control_unit:control_unit_inst|Selector26                  ;
; 12:1               ; 2 bits    ; 16 LEs        ; 14 LEs               ; 2 LEs                  ; No         ; |cpu_core|control_unit:control_unit_inst|Selector49                  ;
; 10:1               ; 5 bits    ; 30 LEs        ; 30 LEs               ; 0 LEs                  ; No         ; |cpu_core|control_unit:control_unit_inst|Selector20                  ;
; 38:1               ; 11 bits   ; 275 LEs       ; 275 LEs              ; 0 LEs                  ; No         ; |cpu_core|Mux35                                                      ;
; 19:1               ; 2 bits    ; 24 LEs        ; 18 LEs               ; 6 LEs                  ; No         ; |cpu_core|control_unit:control_unit_inst|Selector62                  ;
; 17:1               ; 12 bits   ; 132 LEs       ; 132 LEs              ; 0 LEs                  ; No         ; |cpu_core|alu:alu_inst|Selector4                                     ;
; 15:1               ; 3 bits    ; 30 LEs        ; 30 LEs               ; 0 LEs                  ; No         ; |cpu_core|alu:alu_inst|Selector17                                    ;
; 16:1               ; 8 bits    ; 80 LEs        ; 80 LEs               ; 0 LEs                  ; No         ; |cpu_core|alu:alu_inst|Selector20                                    ;
; 18:1               ; 6 bits    ; 72 LEs        ; 60 LEs               ; 12 LEs                 ; No         ; |cpu_core|control_unit:control_unit_inst|Selector57                  ;
; 20:1               ; 3 bits    ; 39 LEs        ; 39 LEs               ; 0 LEs                  ; No         ; |cpu_core|alu:alu_inst|Selector1                                     ;
; 19:1               ; 3 bits    ; 36 LEs        ; 36 LEs               ; 0 LEs                  ; No         ; |cpu_core|alu:alu_inst|Selector28                                    ;
; 21:1               ; 3 bits    ; 42 LEs        ; 33 LEs               ; 9 LEs                  ; No         ; |cpu_core|control_unit:control_unit_inst|Selector61                  ;
+--------------------+-----------+---------------+----------------------+------------------------+------------+----------------------------------------------------------------------+


+-----------------------------------------------+
; Port Connectivity Checks: "mux8_1:branch_mux" ;
+------+-------+----------+---------------------+
; Port ; Type  ; Severity ; Details             ;
+------+-------+----------+---------------------+
; x1   ; Input ; Info     ; Stuck at GND        ;
; x2   ; Input ; Info     ; Stuck at VCC        ;
+------+-------+----------+---------------------+


+--------------------------------------------------------------------------------------------------------------------------------+
; Port Connectivity Checks: "control_unit:control_unit_inst"                                                                     ;
+----------------------+--------+----------+-------------------------------------------------------------------------------------+
; Port                 ; Type   ; Severity ; Details                                                                             ;
+----------------------+--------+----------+-------------------------------------------------------------------------------------+
; imem_ctrl_o.addr_ena ; Output ; Info     ; Connected to dangling logic. Logic that only feeds a dangling port will be removed. ;
+----------------------+--------+----------+-------------------------------------------------------------------------------------+


+-----------------------------------------------------+
; Post-Synthesis Netlist Statistics for Top Partition ;
+-----------------------+-----------------------------+
; Type                  ; Count                       ;
+-----------------------+-----------------------------+
; arriav_ff             ; 1061                        ;
;     CLR               ; 38                          ;
;     ENA CLR           ; 31                          ;
;     ENA CLR SCLR      ; 992                         ;
; arriav_lcell_comb     ; 1597                        ;
;     arith             ; 126                         ;
;         0 data inputs ; 1                           ;
;         1 data inputs ; 41                          ;
;         2 data inputs ; 50                          ;
;         5 data inputs ; 34                          ;
;     extend            ; 22                          ;
;         7 data inputs ; 22                          ;
;     normal            ; 1449                        ;
;         0 data inputs ; 1                           ;
;         2 data inputs ; 44                          ;
;         3 data inputs ; 65                          ;
;         4 data inputs ; 116                         ;
;         5 data inputs ; 185                         ;
;         6 data inputs ; 1038                        ;
; boundary_port         ; 133                         ;
;                       ;                             ;
; Max LUT depth         ; 12.10                       ;
; Average LUT depth     ; 9.96                        ;
+-----------------------+-----------------------------+


+-------------------------------+
; Elapsed Time Per Partition    ;
+----------------+--------------+
; Partition Name ; Elapsed Time ;
+----------------+--------------+
; Top            ; 00:00:23     ;
+----------------+--------------+


+-------------------------------+
; Analysis & Synthesis Messages ;
+-------------------------------+
Info: *******************************************************************
Info: Running Quartus Prime Analysis & Synthesis
    Info: Version 18.1.0 Build 625 09/12/2018 SJ Standard Edition
    Info: Processing started: Thu May 04 09:18:22 2023
Info: Command: quartus_map --read_settings_files=on --write_settings_files=off cpu_core -c cpu_core
Warning (18236): Number of processors has not been specified which may cause overloading on shared machines.  Set the global assignment NUM_PARALLEL_PROCESSORS in your QSF to an appropriate value for best performance.
Info (20030): Parallel compilation is enabled and will use 2 of the 2 processors detected
Info (12021): Found 2 design units, including 0 entities, in source file rv32_pkg.vhd
    Info (12022): Found design unit 1: rv32_pkg File: C:/FPGA/risc-v/rv32_pkg.vhd Line: 7
    Info (12022): Found design unit 2: rv32_pkg-body File: C:/FPGA/risc-v/rv32_pkg.vhd Line: 127
Info (12021): Found 2 design units, including 1 entities, in source file cpu_core.vhd
    Info (12022): Found design unit 1: cpu_core-arc File: C:/FPGA/risc-v/cpu_core.vhd Line: 22
    Info (12023): Found entity 1: cpu_core File: C:/FPGA/risc-v/cpu_core.vhd Line: 9
Info (12021): Found 2 design units, including 1 entities, in source file mux8_1.vhd
    Info (12022): Found design unit 1: mux8_1-arc File: C:/FPGA/risc-v/mux8_1.vhd Line: 13
    Info (12023): Found entity 1: mux8_1 File: C:/FPGA/risc-v/mux8_1.vhd Line: 5
Info (12127): Elaborating entity "cpu_core" for the top level hierarchy
Warning (10541): VHDL Signal Declaration warning at cpu_core.vhd(14): used implicit default value for signal "dmem_read_ena" because signal was never assigned a value or an explicit default value. Use of implicit default value may introduce unintended design optimizations. File: C:/FPGA/risc-v/cpu_core.vhd Line: 14
Warning (10541): VHDL Signal Declaration warning at cpu_core.vhd(14): used implicit default value for signal "dmem_write_ena" because signal was never assigned a value or an explicit default value. Use of implicit default value may introduce unintended design optimizations. File: C:/FPGA/risc-v/cpu_core.vhd Line: 14
Warning (10541): VHDL Signal Declaration warning at cpu_core.vhd(17): used implicit default value for signal "dmem_data_out" because signal was never assigned a value or an explicit default value. Use of implicit default value may introduce unintended design optimizations. File: C:/FPGA/risc-v/cpu_core.vhd Line: 17
Warning (12125): Using design file control_unit.vhd, which is not specified as a design file for the current project, but contains definitions for 2 design units and 1 entities in project
    Info (12022): Found design unit 1: control_unit-arc File: C:/FPGA/risc-v/control_unit.vhd Line: 23
    Info (12023): Found entity 1: control_unit File: C:/FPGA/risc-v/control_unit.vhd Line: 9
Info (12128): Elaborating entity "control_unit" for hierarchy "control_unit:control_unit_inst" File: C:/FPGA/risc-v/cpu_core.vhd Line: 166
Warning (10492): VHDL Process Statement warning at control_unit.vhd(124): signal "sign_padding" is read inside the Process Statement but isn't in the Process Statement's sensitivity list File: C:/FPGA/risc-v/control_unit.vhd Line: 124
Warning (10492): VHDL Process Statement warning at control_unit.vhd(182): signal "sign_padding" is read inside the Process Statement but isn't in the Process Statement's sensitivity list File: C:/FPGA/risc-v/control_unit.vhd Line: 182
Warning (10492): VHDL Process Statement warning at control_unit.vhd(203): signal "sign_padding" is read inside the Process Statement but isn't in the Process Statement's sensitivity list File: C:/FPGA/risc-v/control_unit.vhd Line: 203
Warning (10492): VHDL Process Statement warning at control_unit.vhd(225): signal "sign_padding" is read inside the Process Statement but isn't in the Process Statement's sensitivity list File: C:/FPGA/risc-v/control_unit.vhd Line: 225
Warning (10492): VHDL Process Statement warning at control_unit.vhd(247): signal "sign_padding" is read inside the Process Statement but isn't in the Process Statement's sensitivity list File: C:/FPGA/risc-v/control_unit.vhd Line: 247
Warning (10492): VHDL Process Statement warning at control_unit.vhd(268): signal "sign_padding" is read inside the Process Statement but isn't in the Process Statement's sensitivity list File: C:/FPGA/risc-v/control_unit.vhd Line: 268
Warning (10492): VHDL Process Statement warning at control_unit.vhd(300): signal "sign_padding" is read inside the Process Statement but isn't in the Process Statement's sensitivity list File: C:/FPGA/risc-v/control_unit.vhd Line: 300
Warning (10492): VHDL Process Statement warning at control_unit.vhd(328): signal "sign_padding" is read inside the Process Statement but isn't in the Process Statement's sensitivity list File: C:/FPGA/risc-v/control_unit.vhd Line: 328
Warning (10492): VHDL Process Statement warning at control_unit.vhd(385): signal "sign_padding" is read inside the Process Statement but isn't in the Process Statement's sensitivity list File: C:/FPGA/risc-v/control_unit.vhd Line: 385
Warning (10492): VHDL Process Statement warning at control_unit.vhd(452): signal "sign_padding" is read inside the Process Statement but isn't in the Process Statement's sensitivity list File: C:/FPGA/risc-v/control_unit.vhd Line: 452
Warning (10492): VHDL Process Statement warning at control_unit.vhd(475): signal "sign_padding" is read inside the Process Statement but isn't in the Process Statement's sensitivity list File: C:/FPGA/risc-v/control_unit.vhd Line: 475
Warning (10492): VHDL Process Statement warning at control_unit.vhd(497): signal "sign_padding" is read inside the Process Statement but isn't in the Process Statement's sensitivity list File: C:/FPGA/risc-v/control_unit.vhd Line: 497
Warning (10492): VHDL Process Statement warning at control_unit.vhd(519): signal "sign_padding" is read inside the Process Statement but isn't in the Process Statement's sensitivity list File: C:/FPGA/risc-v/control_unit.vhd Line: 519
Warning (12125): Using design file pc_unit.vhd, which is not specified as a design file for the current project, but contains definitions for 2 design units and 1 entities in project
    Info (12022): Found design unit 1: pc_unit-arc File: C:/FPGA/risc-v/pc_unit.vhd Line: 18
    Info (12023): Found entity 1: pc_unit File: C:/FPGA/risc-v/pc_unit.vhd Line: 7
Info (12128): Elaborating entity "pc_unit" for hierarchy "pc_unit:pc_unit_inst" File: C:/FPGA/risc-v/cpu_core.vhd Line: 196
Warning (12125): Using design file alu.vhd, which is not specified as a design file for the current project, but contains definitions for 2 design units and 1 entities in project
    Info (12022): Found design unit 1: alu-arc File: C:/FPGA/risc-v/alu.vhd Line: 16
    Info (12023): Found entity 1: alu File: C:/FPGA/risc-v/alu.vhd Line: 7
Info (12128): Elaborating entity "alu" for hierarchy "alu:alu_inst" File: C:/FPGA/risc-v/cpu_core.vhd Line: 208
Warning (12125): Using design file register_file.vhd, which is not specified as a design file for the current project, but contains definitions for 2 design units and 1 entities in project
    Info (12022): Found design unit 1: register_file-arc File: C:/FPGA/risc-v/register_file.vhd Line: 20
    Info (12023): Found entity 1: register_file File: C:/FPGA/risc-v/register_file.vhd Line: 8
Info (12128): Elaborating entity "register_file" for hierarchy "register_file:rf_inst" File: C:/FPGA/risc-v/cpu_core.vhd Line: 223
Warning (10492): VHDL Process Statement warning at register_file.vhd(56): signal "regx1_x31" is read inside the Process Statement but isn't in the Process Statement's sensitivity list File: C:/FPGA/risc-v/register_file.vhd Line: 56
Warning (10492): VHDL Process Statement warning at register_file.vhd(63): signal "regx1_x31" is read inside the Process Statement but isn't in the Process Statement's sensitivity list File: C:/FPGA/risc-v/register_file.vhd Line: 63
Info (12128): Elaborating entity "mux8_1" for hierarchy "mux8_1:branch_mux" File: C:/FPGA/risc-v/cpu_core.vhd Line: 239
Warning (10492): VHDL Process Statement warning at mux8_1.vhd(19): signal "x1" is read inside the Process Statement but isn't in the Process Statement's sensitivity list File: C:/FPGA/risc-v/mux8_1.vhd Line: 19
Warning (10492): VHDL Process Statement warning at mux8_1.vhd(21): signal "x2" is read inside the Process Statement but isn't in the Process Statement's sensitivity list File: C:/FPGA/risc-v/mux8_1.vhd Line: 21
Warning (10492): VHDL Process Statement warning at mux8_1.vhd(23): signal "x3" is read inside the Process Statement but isn't in the Process Statement's sensitivity list File: C:/FPGA/risc-v/mux8_1.vhd Line: 23
Warning (10492): VHDL Process Statement warning at mux8_1.vhd(25): signal "x4" is read inside the Process Statement but isn't in the Process Statement's sensitivity list File: C:/FPGA/risc-v/mux8_1.vhd Line: 25
Warning (10492): VHDL Process Statement warning at mux8_1.vhd(27): signal "x5" is read inside the Process Statement but isn't in the Process Statement's sensitivity list File: C:/FPGA/risc-v/mux8_1.vhd Line: 27
Warning (10492): VHDL Process Statement warning at mux8_1.vhd(29): signal "x6" is read inside the Process Statement but isn't in the Process Statement's sensitivity list File: C:/FPGA/risc-v/mux8_1.vhd Line: 29
Warning (10492): VHDL Process Statement warning at mux8_1.vhd(31): signal "x7" is read inside the Process Statement but isn't in the Process Statement's sensitivity list File: C:/FPGA/risc-v/mux8_1.vhd Line: 31
Warning (10492): VHDL Process Statement warning at mux8_1.vhd(33): signal "x8" is read inside the Process Statement but isn't in the Process Statement's sensitivity list File: C:/FPGA/risc-v/mux8_1.vhd Line: 33
Warning (12125): Using design file mem_bus_ctrl.vhd, which is not specified as a design file for the current project, but contains definitions for 2 design units and 1 entities in project
    Info (12022): Found design unit 1: mem_bus_ctrl-arc File: C:/FPGA/risc-v/mem_bus_ctrl.vhd Line: 25
    Info (12023): Found entity 1: mem_bus_ctrl File: C:/FPGA/risc-v/mem_bus_ctrl.vhd Line: 8
Info (12128): Elaborating entity "mem_bus_ctrl" for hierarchy "mem_bus_ctrl:mem_bus_ctrl_inst" File: C:/FPGA/risc-v/cpu_core.vhd Line: 256
Warning (12125): Using design file dmem_32.vhd, which is not specified as a design file for the current project, but contains definitions for 2 design units and 1 entities in project
    Info (12022): Found design unit 1: dmem_32-arc File: C:/FPGA/risc-v/dmem_32.vhd Line: 23
    Info (12023): Found entity 1: dmem_32 File: C:/FPGA/risc-v/dmem_32.vhd Line: 10
Info (12128): Elaborating entity "dmem_32" for hierarchy "dmem_32:dmem" File: C:/FPGA/risc-v/cpu_core.vhd Line: 274
Warning (13024): Output pins are stuck at VCC or GND
    Warning (13410): Pin "dmem_read_ena" is stuck at GND File: C:/FPGA/risc-v/cpu_core.vhd Line: 14
    Warning (13410): Pin "dmem_write_ena" is stuck at GND File: C:/FPGA/risc-v/cpu_core.vhd Line: 14
    Warning (13410): Pin "dmem_data_out[0]" is stuck at GND File: C:/FPGA/risc-v/cpu_core.vhd Line: 17
    Warning (13410): Pin "dmem_data_out[1]" is stuck at GND File: C:/FPGA/risc-v/cpu_core.vhd Line: 17
    Warning (13410): Pin "dmem_data_out[2]" is stuck at GND File: C:/FPGA/risc-v/cpu_core.vhd Line: 17
    Warning (13410): Pin "dmem_data_out[3]" is stuck at GND File: C:/FPGA/risc-v/cpu_core.vhd Line: 17
    Warning (13410): Pin "dmem_data_out[4]" is stuck at GND File: C:/FPGA/risc-v/cpu_core.vhd Line: 17
    Warning (13410): Pin "dmem_data_out[5]" is stuck at GND File: C:/FPGA/risc-v/cpu_core.vhd Line: 17
    Warning (13410): Pin "dmem_data_out[6]" is stuck at GND File: C:/FPGA/risc-v/cpu_core.vhd Line: 17
    Warning (13410): Pin "dmem_data_out[7]" is stuck at GND File: C:/FPGA/risc-v/cpu_core.vhd Line: 17
    Warning (13410): Pin "dmem_data_out[8]" is stuck at GND File: C:/FPGA/risc-v/cpu_core.vhd Line: 17
    Warning (13410): Pin "dmem_data_out[9]" is stuck at GND File: C:/FPGA/risc-v/cpu_core.vhd Line: 17
    Warning (13410): Pin "dmem_data_out[10]" is stuck at GND File: C:/FPGA/risc-v/cpu_core.vhd Line: 17
    Warning (13410): Pin "dmem_data_out[11]" is stuck at GND File: C:/FPGA/risc-v/cpu_core.vhd Line: 17
    Warning (13410): Pin "dmem_data_out[12]" is stuck at GND File: C:/FPGA/risc-v/cpu_core.vhd Line: 17
    Warning (13410): Pin "dmem_data_out[13]" is stuck at GND File: C:/FPGA/risc-v/cpu_core.vhd Line: 17
    Warning (13410): Pin "dmem_data_out[14]" is stuck at GND File: C:/FPGA/risc-v/cpu_core.vhd Line: 17
    Warning (13410): Pin "dmem_data_out[15]" is stuck at GND File: C:/FPGA/risc-v/cpu_core.vhd Line: 17
    Warning (13410): Pin "dmem_data_out[16]" is stuck at GND File: C:/FPGA/risc-v/cpu_core.vhd Line: 17
    Warning (13410): Pin "dmem_data_out[17]" is stuck at GND File: C:/FPGA/risc-v/cpu_core.vhd Line: 17
    Warning (13410): Pin "dmem_data_out[18]" is stuck at GND File: C:/FPGA/risc-v/cpu_core.vhd Line: 17
    Warning (13410): Pin "dmem_data_out[19]" is stuck at GND File: C:/FPGA/risc-v/cpu_core.vhd Line: 17
    Warning (13410): Pin "dmem_data_out[20]" is stuck at GND File: C:/FPGA/risc-v/cpu_core.vhd Line: 17
    Warning (13410): Pin "dmem_data_out[21]" is stuck at GND File: C:/FPGA/risc-v/cpu_core.vhd Line: 17
    Warning (13410): Pin "dmem_data_out[22]" is stuck at GND File: C:/FPGA/risc-v/cpu_core.vhd Line: 17
    Warning (13410): Pin "dmem_data_out[23]" is stuck at GND File: C:/FPGA/risc-v/cpu_core.vhd Line: 17
    Warning (13410): Pin "dmem_data_out[24]" is stuck at GND File: C:/FPGA/risc-v/cpu_core.vhd Line: 17
    Warning (13410): Pin "dmem_data_out[25]" is stuck at GND File: C:/FPGA/risc-v/cpu_core.vhd Line: 17
    Warning (13410): Pin "dmem_data_out[26]" is stuck at GND File: C:/FPGA/risc-v/cpu_core.vhd Line: 17
    Warning (13410): Pin "dmem_data_out[27]" is stuck at GND File: C:/FPGA/risc-v/cpu_core.vhd Line: 17
    Warning (13410): Pin "dmem_data_out[28]" is stuck at GND File: C:/FPGA/risc-v/cpu_core.vhd Line: 17
    Warning (13410): Pin "dmem_data_out[29]" is stuck at GND File: C:/FPGA/risc-v/cpu_core.vhd Line: 17
    Warning (13410): Pin "dmem_data_out[30]" is stuck at GND File: C:/FPGA/risc-v/cpu_core.vhd Line: 17
    Warning (13410): Pin "dmem_data_out[31]" is stuck at GND File: C:/FPGA/risc-v/cpu_core.vhd Line: 17
Info (17049): 41 registers lost all their fanouts during netlist optimizations.
Info (16010): Generating hard_block partition "hard_block:auto_generated_inst"
    Info (16011): Adding 0 node(s), including 0 DDIO, 0 PLL, 0 transceiver and 0 LCELL
Warning (21074): Design contains 32 input pin(s) that do not drive logic
    Warning (15610): No output dependent on input pin "dmem_data_in[0]" File: C:/FPGA/risc-v/cpu_core.vhd Line: 16
    Warning (15610): No output dependent on input pin "dmem_data_in[1]" File: C:/FPGA/risc-v/cpu_core.vhd Line: 16
    Warning (15610): No output dependent on input pin "dmem_data_in[2]" File: C:/FPGA/risc-v/cpu_core.vhd Line: 16
    Warning (15610): No output dependent on input pin "dmem_data_in[3]" File: C:/FPGA/risc-v/cpu_core.vhd Line: 16
    Warning (15610): No output dependent on input pin "dmem_data_in[4]" File: C:/FPGA/risc-v/cpu_core.vhd Line: 16
    Warning (15610): No output dependent on input pin "dmem_data_in[5]" File: C:/FPGA/risc-v/cpu_core.vhd Line: 16
    Warning (15610): No output dependent on input pin "dmem_data_in[6]" File: C:/FPGA/risc-v/cpu_core.vhd Line: 16
    Warning (15610): No output dependent on input pin "dmem_data_in[7]" File: C:/FPGA/risc-v/cpu_core.vhd Line: 16
    Warning (15610): No output dependent on input pin "dmem_data_in[8]" File: C:/FPGA/risc-v/cpu_core.vhd Line: 16
    Warning (15610): No output dependent on input pin "dmem_data_in[9]" File: C:/FPGA/risc-v/cpu_core.vhd Line: 16
    Warning (15610): No output dependent on input pin "dmem_data_in[10]" File: C:/FPGA/risc-v/cpu_core.vhd Line: 16
    Warning (15610): No output dependent on input pin "dmem_data_in[11]" File: C:/FPGA/risc-v/cpu_core.vhd Line: 16
    Warning (15610): No output dependent on input pin "dmem_data_in[12]" File: C:/FPGA/risc-v/cpu_core.vhd Line: 16
    Warning (15610): No output dependent on input pin "dmem_data_in[13]" File: C:/FPGA/risc-v/cpu_core.vhd Line: 16
    Warning (15610): No output dependent on input pin "dmem_data_in[14]" File: C:/FPGA/risc-v/cpu_core.vhd Line: 16
    Warning (15610): No output dependent on input pin "dmem_data_in[15]" File: C:/FPGA/risc-v/cpu_core.vhd Line: 16
    Warning (15610): No output dependent on input pin "dmem_data_in[16]" File: C:/FPGA/risc-v/cpu_core.vhd Line: 16
    Warning (15610): No output dependent on input pin "dmem_data_in[17]" File: C:/FPGA/risc-v/cpu_core.vhd Line: 16
    Warning (15610): No output dependent on input pin "dmem_data_in[18]" File: C:/FPGA/risc-v/cpu_core.vhd Line: 16
    Warning (15610): No output dependent on input pin "dmem_data_in[19]" File: C:/FPGA/risc-v/cpu_core.vhd Line: 16
    Warning (15610): No output dependent on input pin "dmem_data_in[20]" File: C:/FPGA/risc-v/cpu_core.vhd Line: 16
    Warning (15610): No output dependent on input pin "dmem_data_in[21]" File: C:/FPGA/risc-v/cpu_core.vhd Line: 16
    Warning (15610): No output dependent on input pin "dmem_data_in[22]" File: C:/FPGA/risc-v/cpu_core.vhd Line: 16
    Warning (15610): No output dependent on input pin "dmem_data_in[23]" File: C:/FPGA/risc-v/cpu_core.vhd Line: 16
    Warning (15610): No output dependent on input pin "dmem_data_in[24]" File: C:/FPGA/risc-v/cpu_core.vhd Line: 16
    Warning (15610): No output dependent on input pin "dmem_data_in[25]" File: C:/FPGA/risc-v/cpu_core.vhd Line: 16
    Warning (15610): No output dependent on input pin "dmem_data_in[26]" File: C:/FPGA/risc-v/cpu_core.vhd Line: 16
    Warning (15610): No output dependent on input pin "dmem_data_in[27]" File: C:/FPGA/risc-v/cpu_core.vhd Line: 16
    Warning (15610): No output dependent on input pin "dmem_data_in[28]" File: C:/FPGA/risc-v/cpu_core.vhd Line: 16
    Warning (15610): No output dependent on input pin "dmem_data_in[29]" File: C:/FPGA/risc-v/cpu_core.vhd Line: 16
    Warning (15610): No output dependent on input pin "dmem_data_in[30]" File: C:/FPGA/risc-v/cpu_core.vhd Line: 16
    Warning (15610): No output dependent on input pin "dmem_data_in[31]" File: C:/FPGA/risc-v/cpu_core.vhd Line: 16
Info (21057): Implemented 2757 device resources after synthesis - the final resource count might be different
    Info (21058): Implemented 66 input pins
    Info (21059): Implemented 67 output pins
    Info (21061): Implemented 2624 logic cells
Info: Quartus Prime Analysis & Synthesis was successful. 0 errors, 101 warnings
    Info: Peak virtual memory: 4883 megabytes
    Info: Processing ended: Thu May 04 09:19:11 2023
    Info: Elapsed time: 00:00:49
    Info: Total CPU time (on all processors): 00:01:09


