Assembler report for register_file
Sat Mar 04 14:36:18 2023
Quartus Prime Version 20.1.1 Build 720 11/11/2020 SJ Lite Edition


---------------------
; Table of Contents ;
---------------------
  1. Legal Notice
  2. Assembler Summary
  3. Assembler Settings
  4. Assembler Generated Files
  5. Assembler Device Options: C:/FPGA/risc-v/output_files/register_file.sof
  6. Assembler Messages



----------------
; Legal Notice ;
----------------
Copyright (C) 2020  Intel Corporation. All rights reserved.
Your use of Intel Corporation's design tools, logic functions 
and other software and tools, and any partner logic 
functions, and any output files from any of the foregoing 
(including device programming or simulation files), and any 
associated documentation or information are expressly subject 
to the terms and conditions of the Intel Program License 
Subscription Agreement, the Intel Quartus Prime License Agreement,
the Intel FPGA IP License Agreement, or other applicable license
agreement, including, without limitation, that your use is for
the sole purpose of programming logic devices manufactured by
Intel and sold by Intel or its authorized distributors.  Please
refer to the applicable agreement for further details, at
https://fpgasoftware.intel.com/eula.



+---------------------------------------------------------------+
; Assembler Summary                                             ;
+-----------------------+---------------------------------------+
; Assembler Status      ; Successful - Sat Mar 04 14:36:18 2023 ;
; Revision Name         ; register_file                         ;
; Top-level Entity Name ; register_file                         ;
; Family                ; Cyclone V                             ;
; Device                ; 5CSEMA5F31C6                          ;
+-----------------------+---------------------------------------+


+----------------------------------+
; Assembler Settings               ;
+--------+---------+---------------+
; Option ; Setting ; Default Value ;
+--------+---------+---------------+


+-----------------------------------------------+
; Assembler Generated Files                     ;
+-----------------------------------------------+
; File Name                                     ;
+-----------------------------------------------+
; C:/FPGA/risc-v/output_files/register_file.sof ;
+-----------------------------------------------+


+-------------------------------------------------------------------------+
; Assembler Device Options: C:/FPGA/risc-v/output_files/register_file.sof ;
+----------------+--------------------------------------------------------+
; Option         ; Setting                                                ;
+----------------+--------------------------------------------------------+
; JTAG usercode  ; 0x00CB8F31                                             ;
; Checksum       ; 0x00CB8F31                                             ;
+----------------+--------------------------------------------------------+


+--------------------+
; Assembler Messages ;
+--------------------+
Info: *******************************************************************
Info: Running Quartus Prime Assembler
    Info: Version 20.1.1 Build 720 11/11/2020 SJ Lite Edition
    Info: Processing started: Sat Mar 04 14:36:03 2023
Info: Command: quartus_asm --read_settings_files=off --write_settings_files=off register_file -c register_file
Info (115030): Assembler is generating device programming files
Info: Quartus Prime Assembler was successful. 0 errors, 0 warnings
    Info: Peak virtual memory: 4852 megabytes
    Info: Processing ended: Sat Mar 04 14:36:18 2023
    Info: Elapsed time: 00:00:15
    Info: Total CPU time (on all processors): 00:00:11


